[debug] [2021-05-30T18:53:43.455Z] ----------------------------------------------------------------------
[debug] [2021-05-30T18:53:43.458Z] Command:       C:\Program Files\nodejs\node.exe C:\Users\Beau\AppData\Roaming\npm\node_modules\firebase-tools\lib\bin\firebase.js emulators:start
[debug] [2021-05-30T18:53:43.458Z] CLI Version:   9.11.0
[debug] [2021-05-30T18:53:43.458Z] Platform:      win32
[debug] [2021-05-30T18:53:43.458Z] Node Version:  v12.18.2
[debug] [2021-05-30T18:53:43.459Z] Time:          Sun May 30 2021 11:53:43 GMT-0700 (Pacific Daylight Time)
[debug] [2021-05-30T18:53:43.460Z] ----------------------------------------------------------------------
[debug] 
[debug] [2021-05-30T18:53:43.469Z] > command requires scopes: ["email","openid","https://www.googleapis.com/auth/cloudplatformprojects.readonly","https://www.googleapis.com/auth/firebase","https://www.googleapis.com/auth/cloud-platform"]
[debug] [2021-05-30T18:53:43.469Z] > authorizing via signed-in user (bdaseh@gmail.com)
[info] i  emulators: Starting emulators: functions, firestore, hosting {"metadata":{"emulator":{"name":"hub"},"message":"Starting emulators: functions, firestore, hosting"}}
[debug] [2021-05-30T18:53:45.554Z] [hub] writing locator at C:\Users\Beau\AppData\Local\Temp\hub-bashard.json
[warn] !  functions: The following emulators are not running, calls to these services from the Functions emulator will affect production: auth, database, pubsub, storage {"metadata":{"emulator":{"name":"functions"},"message":"The following emulators are not running, calls to these services from the Functions emulator will affect production: \u001b[1mauth, database, pubsub, storage\u001b[22m"}}
[info] +  functions: Using node@12 from host. {"metadata":{"emulator":{"name":"functions"},"message":"Using node@12 from host."}}
[debug] [2021-05-30T18:53:47.625Z] defaultcredentials: writing to file C:\Users\Beau\AppData\Roaming\firebase\bdaseh_gmail_com_application_default_credentials.json
[debug] [2021-05-30T18:53:47.628Z] Setting GAC to C:\Users\Beau\AppData\Roaming\firebase\bdaseh_gmail_com_application_default_credentials.json {"metadata":{"emulator":{"name":"functions"},"message":"Setting GAC to C:\\Users\\Beau\\AppData\\Roaming\\firebase\\bdaseh_gmail_com_application_default_credentials.json"}}
[debug] [2021-05-30T18:53:47.630Z] >>> [apiv2][query] GET https://firebase.googleapis.com/v1beta1/projects/bashard/adminSdkConfig [none]
[debug] [2021-05-30T18:53:47.877Z] <<< [apiv2][status] GET https://firebase.googleapis.com/v1beta1/projects/bashard/adminSdkConfig 200
[debug] [2021-05-30T18:53:47.878Z] <<< [apiv2][body] GET https://firebase.googleapis.com/v1beta1/projects/bashard/adminSdkConfig {"projectId":"bashard","databaseURL":"https://bashard.firebaseio.com","storageBucket":"bashard.appspot.com","locationId":"us-west3"}
[debug] [2021-05-30T18:53:49.929Z] Ignoring unsupported arg: projectId {"metadata":{"emulator":{"name":"firestore"},"message":"Ignoring unsupported arg: projectId"}}
[debug] [2021-05-30T18:53:49.929Z] Ignoring unsupported arg: auto_download {"metadata":{"emulator":{"name":"firestore"},"message":"Ignoring unsupported arg: auto_download"}}
[debug] [2021-05-30T18:53:49.929Z] Starting Firestore Emulator with command {"binary":"java","args":["-Dgoogle.cloud_firestore.debug_log_level=FINE","-Duser.language=en","-jar","C:\\Users\\Beau\\.cache\\firebase\\emulators\\cloud-firestore-emulator-v1.11.15.jar","--host","localhost","--port",7070,"--rules","C:\\Users\\Beau\\Desktop\\code\\basharreact\\firestore.rules","--functions_emulator","localhost:5001"],"optionalArgs":["port","webchannel_port","host","rules","functions_emulator","seed_from_export"],"joinArgs":false} {"metadata":{"emulator":{"name":"firestore"},"message":"Starting Firestore Emulator with command {\"binary\":\"java\",\"args\":[\"-Dgoogle.cloud_firestore.debug_log_level=FINE\",\"-Duser.language=en\",\"-jar\",\"C:\\\\Users\\\\Beau\\\\.cache\\\\firebase\\\\emulators\\\\cloud-firestore-emulator-v1.11.15.jar\",\"--host\",\"localhost\",\"--port\",7070,\"--rules\",\"C:\\\\Users\\\\Beau\\\\Desktop\\\\code\\\\basharreact\\\\firestore.rules\",\"--functions_emulator\",\"localhost:5001\"],\"optionalArgs\":[\"port\",\"webchannel_port\",\"host\",\"rules\",\"functions_emulator\",\"seed_from_export\"],\"joinArgs\":false}"}}
[info] i  firestore: Firestore Emulator logging to firestore-debug.log {"metadata":{"emulator":{"name":"firestore"},"message":"Firestore Emulator logging to \u001b[1mfirestore-debug.log\u001b[22m"}}
[debug] [2021-05-30T18:53:51.642Z] May 30, 2021 11:53:51 AM com.google.cloud.datastore.emulator.firestore.websocket.WebSocketServer start
INFO: Started WebSocket server on ws://localhost:13175
 {"metadata":{"emulator":{"name":"firestore"},"message":"May 30, 2021 11:53:51 AM com.google.cloud.datastore.emulator.firestore.websocket.WebSocketServer start\r\nINFO: Started WebSocket server on ws://localhost:13175\r\n"}}
[debug] [2021-05-30T18:53:51.675Z] API endpoint: http://localhost: {"metadata":{"emulator":{"name":"firestore"},"message":"API endpoint: http://localhost:"}}
[debug] [2021-05-30T18:53:51.675Z] 7070
If you are using a library that supports the FIRESTORE_EMULATOR_HOST environment variable, run:

   export FIRESTORE_EMULATOR_HOST=localhost:7070

Dev App Server is now running.

 {"metadata":{"emulator":{"name":"firestore"},"message":"7070\nIf you are using a library that supports the FIRESTORE_EMULATOR_HOST environment variable, run:\r\n\n   export FIRESTORE_EMULATOR_HOST=localhost:7070\n\nDev App Server is now running.\n\r\n"}}
[debug] [2021-05-30T18:53:54.031Z] >>> [apiv2][query] GET https://firebasehosting.googleapis.com/v1beta1/projects/bashard/sites 
[debug] [2021-05-30T18:53:54.432Z] <<< [apiv2][status] GET https://firebasehosting.googleapis.com/v1beta1/projects/bashard/sites 200
[debug] [2021-05-30T18:53:54.433Z] <<< [apiv2][body] GET https://firebasehosting.googleapis.com/v1beta1/projects/bashard/sites {"sites":[{"name":"projects/125906610048/sites/bashard","defaultUrl":"https://bashard.web.app","type":"DEFAULT_SITE"}]}
[debug] [2021-05-30T18:53:54.433Z] >>> [apiv2][query] GET https://firebase.googleapis.com/v1beta1/projects/bashard/webApps/-/config [none]
[debug] [2021-05-30T18:53:54.764Z] <<< [apiv2][status] GET https://firebase.googleapis.com/v1beta1/projects/bashard/webApps/-/config 200
[debug] [2021-05-30T18:53:54.765Z] <<< [apiv2][body] GET https://firebase.googleapis.com/v1beta1/projects/bashard/webApps/-/config {"projectId":"bashard","databaseURL":"https://bashard.firebaseio.com","storageBucket":"bashard.appspot.com","locationId":"us-west3","apiKey":"AIzaSyDK5vqzLS544yu000w8tl7kiMZaRepyQoc","authDomain":"bashard.firebaseapp.com","messagingSenderId":"125906610048"}
[info] i  hosting: Serving hosting files from: build {"metadata":{"emulator":{"name":"hosting"},"message":"Serving hosting files from: \u001b[1mbuild\u001b[22m"}}
[info] +  hosting: Local server: http://localhost:5000 {"metadata":{"emulator":{"name":"hosting"},"message":"Local server: \u001b[4m\u001b[1mhttp://localhost:5000\u001b[22m\u001b[24m"}}
[debug] [2021-05-30T18:53:58.902Z] Ignoring unsupported arg: auto_download {"metadata":{"emulator":{"name":"ui"},"message":"Ignoring unsupported arg: auto_download"}}
[debug] [2021-05-30T18:53:58.902Z] Ignoring unsupported arg: port {"metadata":{"emulator":{"name":"ui"},"message":"Ignoring unsupported arg: port"}}
[debug] [2021-05-30T18:53:58.902Z] Starting Emulator UI with command {"binary":"node","args":["C:\\Users\\Beau\\.cache\\firebase\\emulators\\ui-v1.5.0\\server.bundle.js"],"optionalArgs":[],"joinArgs":false} {"metadata":{"emulator":{"name":"ui"},"message":"Starting Emulator UI with command {\"binary\":\"node\",\"args\":[\"C:\\\\Users\\\\Beau\\\\.cache\\\\firebase\\\\emulators\\\\ui-v1.5.0\\\\server.bundle.js\"],\"optionalArgs\":[],\"joinArgs\":false}"}}
[info] i  ui: Emulator UI logging to ui-debug.log {"metadata":{"emulator":{"name":"ui"},"message":"Emulator UI logging to \u001b[1mui-debug.log\u001b[22m"}}
[debug] [2021-05-30T18:53:59.048Z] Web / API server started at http://localhost:4000
 {"metadata":{"emulator":{"name":"ui"},"message":"Web / API server started at http://localhost:4000\n"}}
[info] i  functions: Watching "C:\Users\Beau\Desktop\code\basharreact\functions" for Cloud Functions... {"metadata":{"emulator":{"name":"functions"},"message":"Watching \"C:\\Users\\Beau\\Desktop\\code\\basharreact\\functions\" for Cloud Functions..."}}
[debug] [2021-05-30T18:53:59.458Z] [worker-pool] addWorker(~diagnostic~) {"metadata":{"emulator":{"name":"functions"},"message":"[worker-pool] addWorker(~diagnostic~)"}}
[debug] [2021-05-30T18:53:59.459Z] [worker-pool] Adding worker with key ~diagnostic~, total=1 {"metadata":{"emulator":{"name":"functions"},"message":"[worker-pool] Adding worker with key ~diagnostic~, total=1"}}
[debug] [2021-05-30T18:53:59.459Z] [worker-pool] submitWork(triggerId=) {"metadata":{"emulator":{"name":"functions"},"message":"[worker-pool] submitWork(triggerId=)"}}
[debug] [2021-05-30T18:53:59.460Z] [worker-~diagnostic~-f4f75f03-164a-4a66-8b22-c26d6653d1cb]: Assigning socketPath: \\?\pipe\C:\Users\Beau\Desktop\code\basharreact\functions\6708 {"metadata":{"emulator":{"name":"functions"},"message":"[worker-~diagnostic~-f4f75f03-164a-4a66-8b22-c26d6653d1cb]: Assigning socketPath: \\\\?\\pipe\\C:\\Users\\Beau\\Desktop\\code\\basharreact\\functions\\6708"}}
[debug] [2021-05-30T18:53:59.461Z] [worker-~diagnostic~-f4f75f03-164a-4a66-8b22-c26d6653d1cb]: BUSY {"metadata":{"emulator":{"name":"functions"},"message":"[worker-~diagnostic~-f4f75f03-164a-4a66-8b22-c26d6653d1cb]: BUSY"}}
[debug] [2021-05-30T18:53:59.699Z] [runtime-status] [6708] Functions runtime initialized. {"cwd":"C:\\Users\\Beau\\Desktop\\code\\basharreact\\functions","node_version":"12.18.2"} {"metadata":{"emulator":{"name":"functions"},"message":"[runtime-status] [6708] Functions runtime initialized. {\"cwd\":\"C:\\\\Users\\\\Beau\\\\Desktop\\\\code\\\\basharreact\\\\functions\",\"node_version\":\"12.18.2\"}"}}
[debug] [2021-05-30T18:53:59.700Z] [runtime-status] [6708] Disabled runtime features: undefined {"metadata":{"emulator":{"name":"functions"},"message":"[runtime-status] [6708] Disabled runtime features: undefined"}}
[debug] [2021-05-30T18:53:59.705Z] [runtime-status] [6708] Resolved module firebase-admin {"declared":true,"installed":true,"version":"9.9.0","resolution":"C:\\Users\\Beau\\Desktop\\code\\basharreact\\functions\\node_modules\\firebase-admin\\lib\\index.js"} {"metadata":{"emulator":{"name":"functions"},"message":"[runtime-status] [6708] Resolved module firebase-admin {\"declared\":true,\"installed\":true,\"version\":\"9.9.0\",\"resolution\":\"C:\\\\Users\\\\Beau\\\\Desktop\\\\code\\\\basharreact\\\\functions\\\\node_modules\\\\firebase-admin\\\\lib\\\\index.js\"}"}}
[debug] [2021-05-30T18:53:59.706Z] [runtime-status] [6708] Resolved module firebase-functions {"declared":true,"installed":true,"version":"3.11.0","resolution":"C:\\Users\\Beau\\Desktop\\code\\basharreact\\functions\\node_modules\\firebase-functions\\lib\\index.js"} {"metadata":{"emulator":{"name":"functions"},"message":"[runtime-status] [6708] Resolved module firebase-functions {\"declared\":true,\"installed\":true,\"version\":\"3.11.0\",\"resolution\":\"C:\\\\Users\\\\Beau\\\\Desktop\\\\code\\\\basharreact\\\\functions\\\\node_modules\\\\firebase-functions\\\\lib\\\\index.js\"}"}}
[debug] [2021-05-30T18:53:59.708Z] [runtime-status] [6708] Resolved module firebase-functions {"declared":true,"installed":true,"version":"3.11.0","resolution":"C:\\Users\\Beau\\Desktop\\code\\basharreact\\functions\\node_modules\\firebase-functions\\lib\\index.js"} {"metadata":{"emulator":{"name":"functions"},"message":"[runtime-status] [6708] Resolved module firebase-functions {\"declared\":true,\"installed\":true,\"version\":\"3.11.0\",\"resolution\":\"C:\\\\Users\\\\Beau\\\\Desktop\\\\code\\\\basharreact\\\\functions\\\\node_modules\\\\firebase-functions\\\\lib\\\\index.js\"}"}}
[debug] [2021-05-30T18:53:59.710Z] [runtime-status] [6708] Outgoing network have been stubbed. [{"name":"http","status":"mocked"},{"name":"http","status":"mocked"},{"name":"https","status":"mocked"},{"name":"https","status":"mocked"},{"name":"net","status":"mocked"}] {"metadata":{"emulator":{"name":"functions"},"message":"[runtime-status] [6708] Outgoing network have been stubbed. [{\"name\":\"http\",\"status\":\"mocked\"},{\"name\":\"http\",\"status\":\"mocked\"},{\"name\":\"https\",\"status\":\"mocked\"},{\"name\":\"https\",\"status\":\"mocked\"},{\"name\":\"net\",\"status\":\"mocked\"}]"}}
[debug] [2021-05-30T18:53:59.711Z] [runtime-status] [6708] Resolved module firebase-functions {"declared":true,"installed":true,"version":"3.11.0","resolution":"C:\\Users\\Beau\\Desktop\\code\\basharreact\\functions\\node_modules\\firebase-functions\\lib\\index.js"} {"metadata":{"emulator":{"name":"functions"},"message":"[runtime-status] [6708] Resolved module firebase-functions {\"declared\":true,\"installed\":true,\"version\":\"3.11.0\",\"resolution\":\"C:\\\\Users\\\\Beau\\\\Desktop\\\\code\\\\basharreact\\\\functions\\\\node_modules\\\\firebase-functions\\\\lib\\\\index.js\"}"}}
[debug] [2021-05-30T18:53:59.769Z] [runtime-status] [6708] Checked functions.config() {"config":{}} {"metadata":{"emulator":{"name":"functions"},"message":"[runtime-status] [6708] Checked functions.config() {\"config\":{}}"}}
[debug] [2021-05-30T18:53:59.770Z] [runtime-status] [6708] firebase-functions has been stubbed. {"functionsResolution":{"declared":true,"installed":true,"version":"3.11.0","resolution":"C:\\Users\\Beau\\Desktop\\code\\basharreact\\functions\\node_modules\\firebase-functions\\lib\\index.js"}} {"metadata":{"emulator":{"name":"functions"},"message":"[runtime-status] [6708] firebase-functions has been stubbed. {\"functionsResolution\":{\"declared\":true,\"installed\":true,\"version\":\"3.11.0\",\"resolution\":\"C:\\\\Users\\\\Beau\\\\Desktop\\\\code\\\\basharreact\\\\functions\\\\node_modules\\\\firebase-functions\\\\lib\\\\index.js\"}}"}}
[debug] [2021-05-30T18:53:59.770Z] [runtime-status] [6708] Resolved module firebase-functions {"declared":true,"installed":true,"version":"3.11.0","resolution":"C:\\Users\\Beau\\Desktop\\code\\basharreact\\functions\\node_modules\\firebase-functions\\lib\\index.js"} {"metadata":{"emulator":{"name":"functions"},"message":"[runtime-status] [6708] Resolved module firebase-functions {\"declared\":true,\"installed\":true,\"version\":\"3.11.0\",\"resolution\":\"C:\\\\Users\\\\Beau\\\\Desktop\\\\code\\\\basharreact\\\\functions\\\\node_modules\\\\firebase-functions\\\\lib\\\\index.js\"}"}}
[debug] [2021-05-30T18:53:59.771Z] [runtime-status] [6708] Resolved module firebase-admin {"declared":true,"installed":true,"version":"9.9.0","resolution":"C:\\Users\\Beau\\Desktop\\code\\basharreact\\functions\\node_modules\\firebase-admin\\lib\\index.js"} {"metadata":{"emulator":{"name":"functions"},"message":"[runtime-status] [6708] Resolved module firebase-admin {\"declared\":true,\"installed\":true,\"version\":\"9.9.0\",\"resolution\":\"C:\\\\Users\\\\Beau\\\\Desktop\\\\code\\\\basharreact\\\\functions\\\\node_modules\\\\firebase-admin\\\\lib\\\\index.js\"}"}}
[debug] [2021-05-30T18:53:59.772Z] [runtime-status] [6708] Resolved module firebase-functions {"declared":true,"installed":true,"version":"3.11.0","resolution":"C:\\Users\\Beau\\Desktop\\code\\basharreact\\functions\\node_modules\\firebase-functions\\lib\\index.js"} {"metadata":{"emulator":{"name":"functions"},"message":"[runtime-status] [6708] Resolved module firebase-functions {\"declared\":true,\"installed\":true,\"version\":\"3.11.0\",\"resolution\":\"C:\\\\Users\\\\Beau\\\\Desktop\\\\code\\\\basharreact\\\\functions\\\\node_modules\\\\firebase-functions\\\\lib\\\\index.js\"}"}}
[debug] [2021-05-30T18:53:59.772Z] [runtime-status] [6708] firebase-admin has been stubbed. {"adminResolution":{"declared":true,"installed":true,"version":"9.9.0","resolution":"C:\\Users\\Beau\\Desktop\\code\\basharreact\\functions\\node_modules\\firebase-admin\\lib\\index.js"}} {"metadata":{"emulator":{"name":"functions"},"message":"[runtime-status] [6708] firebase-admin has been stubbed. {\"adminResolution\":{\"declared\":true,\"installed\":true,\"version\":\"9.9.0\",\"resolution\":\"C:\\\\Users\\\\Beau\\\\Desktop\\\\code\\\\basharreact\\\\functions\\\\node_modules\\\\firebase-admin\\\\lib\\\\index.js\"}}"}}
[debug] [2021-05-30T18:53:59.774Z] [runtime-status] [6708] initializeApp(DEFAULT) {"storageBucket":"bashard.appspot.com","databaseURL":"https://bashard.firebaseio.com","projectId":"bashard"} {"metadata":{"emulator":{"name":"functions"},"message":"[runtime-status] [6708] initializeApp(DEFAULT) {\"storageBucket\":\"bashard.appspot.com\",\"databaseURL\":\"https://bashard.firebaseio.com\",\"projectId\":\"bashard\"}"}}
[info] +  functions[helloWorld]: http function initialized (http://localhost:5001/bashard/us-central1/helloWorld). {"metadata":{"emulator":{"name":"functions"},"message":"\u001b[1mhttp\u001b[22m function initialized (http://localhost:5001/bashard/us-central1/helloWorld)."}}
[info] 
┌─────────────────────────────────────────────────────────────┐
│ ✔  All emulators ready! It is now safe to connect your app. │
│ i  View Emulator UI at http://localhost:4000                │
└─────────────────────────────────────────────────────────────┘

┌───────────┬────────────────┬─────────────────────────────────┐
│ Emulator  │ Host:Port      │ View in Emulator UI             │
├───────────┼────────────────┼─────────────────────────────────┤
│ Functions │ localhost:5001 │ http://localhost:4000/functions │
├───────────┼────────────────┼─────────────────────────────────┤
│ Firestore │ localhost:7070 │ http://localhost:4000/firestore │
├───────────┼────────────────┼─────────────────────────────────┤
│ Hosting   │ localhost:5000 │ n/a                             │
└───────────┴────────────────┴─────────────────────────────────┘
  Emulator Hub running at localhost:4400
  Other reserved ports: 4500

Issues? Report them at https://github.com/firebase/firebase-tools/issues and attach the *-debug.log files.
 
[debug] [2021-05-30T18:53:59.824Z] [worker-~diagnostic~-f4f75f03-164a-4a66-8b22-c26d6653d1cb]: IDLE {"metadata":{"emulator":{"name":"functions"},"message":"[worker-~diagnostic~-f4f75f03-164a-4a66-8b22-c26d6653d1cb]: IDLE"}}
[info] i  hosting: 127.0.0.1 - - [30/May/2021:18:54:03 +0000] "GET / HTTP/1.1" 200 2304 "-" "Mozilla/5.0 (Windows NT 10.0; Win64; x64) AppleWebKit/537.36 (KHTML, like Gecko) Chrome/90.0.4430.212 Safari/537.36" {"metadata":{"emulator":{"name":"hosting"},"message":"127.0.0.1 - - [30/May/2021:18:54:03 +0000] \"GET / HTTP/1.1\" 200 2304 \"-\" \"Mozilla/5.0 (Windows NT 10.0; Win64; x64) AppleWebKit/537.36 (KHTML, like Gecko) Chrome/90.0.4430.212 Safari/537.36\""}}
[info] i  hosting: 127.0.0.1 - - [30/May/2021:18:54:03 +0000] "GET /static/css/main.abed8224.chunk.css HTTP/1.1" 200 13184 "http://localhost:5000/" "Mozilla/5.0 (Windows NT 10.0; Win64; x64) AppleWebKit/537.36 (KHTML, like Gecko) Chrome/90.0.4430.212 Safari/537.36" {"metadata":{"emulator":{"name":"hosting"},"message":"127.0.0.1 - - [30/May/2021:18:54:03 +0000] \"GET /static/css/main.abed8224.chunk.css HTTP/1.1\" 200 13184 \"http://localhost:5000/\" \"Mozilla/5.0 (Windows NT 10.0; Win64; x64) AppleWebKit/537.36 (KHTML, like Gecko) Chrome/90.0.4430.212 Safari/537.36\""}}
[info] i  hosting: 127.0.0.1 - - [30/May/2021:18:54:03 +0000] "GET /static/js/main.e34b63e4.chunk.js HTTP/1.1" 200 16934 "http://localhost:5000/" "Mozilla/5.0 (Windows NT 10.0; Win64; x64) AppleWebKit/537.36 (KHTML, like Gecko) Chrome/90.0.4430.212 Safari/537.36" {"metadata":{"emulator":{"name":"hosting"},"message":"127.0.0.1 - - [30/May/2021:18:54:03 +0000] \"GET /static/js/main.e34b63e4.chunk.js HTTP/1.1\" 200 16934 \"http://localhost:5000/\" \"Mozilla/5.0 (Windows NT 10.0; Win64; x64) AppleWebKit/537.36 (KHTML, like Gecko) Chrome/90.0.4430.212 Safari/537.36\""}}
[info] i  hosting: 127.0.0.1 - - [30/May/2021:18:54:03 +0000] "GET /static/js/2.b0051600.chunk.js HTTP/1.1" 200 380905 "http://localhost:5000/" "Mozilla/5.0 (Windows NT 10.0; Win64; x64) AppleWebKit/537.36 (KHTML, like Gecko) Chrome/90.0.4430.212 Safari/537.36" {"metadata":{"emulator":{"name":"hosting"},"message":"127.0.0.1 - - [30/May/2021:18:54:03 +0000] \"GET /static/js/2.b0051600.chunk.js HTTP/1.1\" 200 380905 \"http://localhost:5000/\" \"Mozilla/5.0 (Windows NT 10.0; Win64; x64) AppleWebKit/537.36 (KHTML, like Gecko) Chrome/90.0.4430.212 Safari/537.36\""}}
[info] i  hosting: 127.0.0.1 - - [30/May/2021:18:54:06 +0000] "GET /static/js/main.e34b63e4.chunk.js.map HTTP/1.1" 200 35381 "-" "Mozilla/5.0 (Windows NT 10.0; Win64; x64) AppleWebKit/537.36 (KHTML, like Gecko) Chrome/90.0.4430.212 Safari/537.36" {"metadata":{"emulator":{"name":"hosting"},"message":"127.0.0.1 - - [30/May/2021:18:54:06 +0000] \"GET /static/js/main.e34b63e4.chunk.js.map HTTP/1.1\" 200 35381 \"-\" \"Mozilla/5.0 (Windows NT 10.0; Win64; x64) AppleWebKit/537.36 (KHTML, like Gecko) Chrome/90.0.4430.212 Safari/537.36\""}}
[info] i  hosting: 127.0.0.1 - - [30/May/2021:18:54:06 +0000] "GET /static/css/main.abed8224.chunk.css.map HTTP/1.1" 200 26708 "-" "Mozilla/5.0 (Windows NT 10.0; Win64; x64) AppleWebKit/537.36 (KHTML, like Gecko) Chrome/90.0.4430.212 Safari/537.36" {"metadata":{"emulator":{"name":"hosting"},"message":"127.0.0.1 - - [30/May/2021:18:54:06 +0000] \"GET /static/css/main.abed8224.chunk.css.map HTTP/1.1\" 200 26708 \"-\" \"Mozilla/5.0 (Windows NT 10.0; Win64; x64) AppleWebKit/537.36 (KHTML, like Gecko) Chrome/90.0.4430.212 Safari/537.36\""}}
[info] i  hosting: 127.0.0.1 - - [30/May/2021:18:54:06 +0000] "GET /static/js/2.b0051600.chunk.js.map HTTP/1.1" 200 1094854 "-" "Mozilla/5.0 (Windows NT 10.0; Win64; x64) AppleWebKit/537.36 (KHTML, like Gecko) Chrome/90.0.4430.212 Safari/537.36" {"metadata":{"emulator":{"name":"hosting"},"message":"127.0.0.1 - - [30/May/2021:18:54:06 +0000] \"GET /static/js/2.b0051600.chunk.js.map HTTP/1.1\" 200 1094854 \"-\" \"Mozilla/5.0 (Windows NT 10.0; Win64; x64) AppleWebKit/537.36 (KHTML, like Gecko) Chrome/90.0.4430.212 Safari/537.36\""}}
[debug] [2021-05-30T18:55:03.461Z] File C:\Users\Beau\Desktop\code\basharreact\functions\index.js changed, reloading triggers {"metadata":{"emulator":{"name":"functions"},"message":"File C:\\Users\\Beau\\Desktop\\code\\basharreact\\functions\\index.js changed, reloading triggers"}}
[debug] [2021-05-30T18:55:04.468Z] [worker-pool] Shutting down IDLE worker (~diagnostic~) {"metadata":{"emulator":{"name":"functions"},"message":"[worker-pool] Shutting down IDLE worker (~diagnostic~)"}}
[debug] [2021-05-30T18:55:04.468Z] [worker-~diagnostic~-f4f75f03-164a-4a66-8b22-c26d6653d1cb]: FINISHING {"metadata":{"emulator":{"name":"functions"},"message":"[worker-~diagnostic~-f4f75f03-164a-4a66-8b22-c26d6653d1cb]: FINISHING"}}
[debug] [2021-05-30T18:55:04.478Z] [worker-pool] addWorker(~diagnostic~) {"metadata":{"emulator":{"name":"functions"},"message":"[worker-pool] addWorker(~diagnostic~)"}}
[debug] [2021-05-30T18:55:04.478Z] [worker-pool] Adding worker with key ~diagnostic~, total=2 {"metadata":{"emulator":{"name":"functions"},"message":"[worker-pool] Adding worker with key ~diagnostic~, total=2"}}
[debug] [2021-05-30T18:55:04.478Z] [worker-pool] submitWork(triggerId=) {"metadata":{"emulator":{"name":"functions"},"message":"[worker-pool] submitWork(triggerId=)"}}
[debug] [2021-05-30T18:55:04.478Z] [worker-~diagnostic~-5a79487d-e552-441d-bc89-a1751cb78ee9]: Assigning socketPath: \\?\pipe\C:\Users\Beau\Desktop\code\basharreact\functions\2824 {"metadata":{"emulator":{"name":"functions"},"message":"[worker-~diagnostic~-5a79487d-e552-441d-bc89-a1751cb78ee9]: Assigning socketPath: \\\\?\\pipe\\C:\\Users\\Beau\\Desktop\\code\\basharreact\\functions\\2824"}}
[debug] [2021-05-30T18:55:04.478Z] [worker-~diagnostic~-5a79487d-e552-441d-bc89-a1751cb78ee9]: BUSY {"metadata":{"emulator":{"name":"functions"},"message":"[worker-~diagnostic~-5a79487d-e552-441d-bc89-a1751cb78ee9]: BUSY"}}
[debug] [2021-05-30T18:55:04.480Z] [worker-~diagnostic~-f4f75f03-164a-4a66-8b22-c26d6653d1cb]: exited {"metadata":{"emulator":{"name":"functions"},"message":"[worker-~diagnostic~-f4f75f03-164a-4a66-8b22-c26d6653d1cb]: exited"}}
[debug] [2021-05-30T18:55:04.480Z] [worker-~diagnostic~-f4f75f03-164a-4a66-8b22-c26d6653d1cb]: FINISHED {"metadata":{"emulator":{"name":"functions"},"message":"[worker-~diagnostic~-f4f75f03-164a-4a66-8b22-c26d6653d1cb]: FINISHED"}}
[debug] [2021-05-30T18:55:04.712Z] [runtime-status] [2824] Functions runtime initialized. {"cwd":"C:\\Users\\Beau\\Desktop\\code\\basharreact\\functions","node_version":"12.18.2"} {"metadata":{"emulator":{"name":"functions"},"message":"[runtime-status] [2824] Functions runtime initialized. {\"cwd\":\"C:\\\\Users\\\\Beau\\\\Desktop\\\\code\\\\basharreact\\\\functions\",\"node_version\":\"12.18.2\"}"}}
[debug] [2021-05-30T18:55:04.713Z] [runtime-status] [2824] Disabled runtime features: undefined {"metadata":{"emulator":{"name":"functions"},"message":"[runtime-status] [2824] Disabled runtime features: undefined"}}
[debug] [2021-05-30T18:55:04.717Z] [runtime-status] [2824] Resolved module firebase-admin {"declared":true,"installed":true,"version":"9.9.0","resolution":"C:\\Users\\Beau\\Desktop\\code\\basharreact\\functions\\node_modules\\firebase-admin\\lib\\index.js"} {"metadata":{"emulator":{"name":"functions"},"message":"[runtime-status] [2824] Resolved module firebase-admin {\"declared\":true,\"installed\":true,\"version\":\"9.9.0\",\"resolution\":\"C:\\\\Users\\\\Beau\\\\Desktop\\\\code\\\\basharreact\\\\functions\\\\node_modules\\\\firebase-admin\\\\lib\\\\index.js\"}"}}
[debug] [2021-05-30T18:55:04.719Z] [runtime-status] [2824] Resolved module firebase-functions {"declared":true,"installed":true,"version":"3.11.0","resolution":"C:\\Users\\Beau\\Desktop\\code\\basharreact\\functions\\node_modules\\firebase-functions\\lib\\index.js"} {"metadata":{"emulator":{"name":"functions"},"message":"[runtime-status] [2824] Resolved module firebase-functions {\"declared\":true,\"installed\":true,\"version\":\"3.11.0\",\"resolution\":\"C:\\\\Users\\\\Beau\\\\Desktop\\\\code\\\\basharreact\\\\functions\\\\node_modules\\\\firebase-functions\\\\lib\\\\index.js\"}"}}
[debug] [2021-05-30T18:55:04.720Z] [runtime-status] [2824] Resolved module firebase-functions {"declared":true,"installed":true,"version":"3.11.0","resolution":"C:\\Users\\Beau\\Desktop\\code\\basharreact\\functions\\node_modules\\firebase-functions\\lib\\index.js"} {"metadata":{"emulator":{"name":"functions"},"message":"[runtime-status] [2824] Resolved module firebase-functions {\"declared\":true,\"installed\":true,\"version\":\"3.11.0\",\"resolution\":\"C:\\\\Users\\\\Beau\\\\Desktop\\\\code\\\\basharreact\\\\functions\\\\node_modules\\\\firebase-functions\\\\lib\\\\index.js\"}"}}
[debug] [2021-05-30T18:55:04.722Z] [runtime-status] [2824] Outgoing network have been stubbed. [{"name":"http","status":"mocked"},{"name":"http","status":"mocked"},{"name":"https","status":"mocked"},{"name":"https","status":"mocked"},{"name":"net","status":"mocked"}] {"metadata":{"emulator":{"name":"functions"},"message":"[runtime-status] [2824] Outgoing network have been stubbed. [{\"name\":\"http\",\"status\":\"mocked\"},{\"name\":\"http\",\"status\":\"mocked\"},{\"name\":\"https\",\"status\":\"mocked\"},{\"name\":\"https\",\"status\":\"mocked\"},{\"name\":\"net\",\"status\":\"mocked\"}]"}}
[debug] [2021-05-30T18:55:04.722Z] [runtime-status] [2824] Resolved module firebase-functions {"declared":true,"installed":true,"version":"3.11.0","resolution":"C:\\Users\\Beau\\Desktop\\code\\basharreact\\functions\\node_modules\\firebase-functions\\lib\\index.js"} {"metadata":{"emulator":{"name":"functions"},"message":"[runtime-status] [2824] Resolved module firebase-functions {\"declared\":true,\"installed\":true,\"version\":\"3.11.0\",\"resolution\":\"C:\\\\Users\\\\Beau\\\\Desktop\\\\code\\\\basharreact\\\\functions\\\\node_modules\\\\firebase-functions\\\\lib\\\\index.js\"}"}}
[debug] [2021-05-30T18:55:04.775Z] [runtime-status] [2824] Checked functions.config() {"config":{}} {"metadata":{"emulator":{"name":"functions"},"message":"[runtime-status] [2824] Checked functions.config() {\"config\":{}}"}}
[debug] [2021-05-30T18:55:04.776Z] [runtime-status] [2824] firebase-functions has been stubbed. {"functionsResolution":{"declared":true,"installed":true,"version":"3.11.0","resolution":"C:\\Users\\Beau\\Desktop\\code\\basharreact\\functions\\node_modules\\firebase-functions\\lib\\index.js"}} {"metadata":{"emulator":{"name":"functions"},"message":"[runtime-status] [2824] firebase-functions has been stubbed. {\"functionsResolution\":{\"declared\":true,\"installed\":true,\"version\":\"3.11.0\",\"resolution\":\"C:\\\\Users\\\\Beau\\\\Desktop\\\\code\\\\basharreact\\\\functions\\\\node_modules\\\\firebase-functions\\\\lib\\\\index.js\"}}"}}
[debug] [2021-05-30T18:55:04.776Z] [runtime-status] [2824] Resolved module firebase-functions {"declared":true,"installed":true,"version":"3.11.0","resolution":"C:\\Users\\Beau\\Desktop\\code\\basharreact\\functions\\node_modules\\firebase-functions\\lib\\index.js"} {"metadata":{"emulator":{"name":"functions"},"message":"[runtime-status] [2824] Resolved module firebase-functions {\"declared\":true,\"installed\":true,\"version\":\"3.11.0\",\"resolution\":\"C:\\\\Users\\\\Beau\\\\Desktop\\\\code\\\\basharreact\\\\functions\\\\node_modules\\\\firebase-functions\\\\lib\\\\index.js\"}"}}
[debug] [2021-05-30T18:55:04.777Z] [runtime-status] [2824] Resolved module firebase-admin {"declared":true,"installed":true,"version":"9.9.0","resolution":"C:\\Users\\Beau\\Desktop\\code\\basharreact\\functions\\node_modules\\firebase-admin\\lib\\index.js"} {"metadata":{"emulator":{"name":"functions"},"message":"[runtime-status] [2824] Resolved module firebase-admin {\"declared\":true,\"installed\":true,\"version\":\"9.9.0\",\"resolution\":\"C:\\\\Users\\\\Beau\\\\Desktop\\\\code\\\\basharreact\\\\functions\\\\node_modules\\\\firebase-admin\\\\lib\\\\index.js\"}"}}
[debug] [2021-05-30T18:55:04.778Z] [runtime-status] [2824] Resolved module firebase-functions {"declared":true,"installed":true,"version":"3.11.0","resolution":"C:\\Users\\Beau\\Desktop\\code\\basharreact\\functions\\node_modules\\firebase-functions\\lib\\index.js"} {"metadata":{"emulator":{"name":"functions"},"message":"[runtime-status] [2824] Resolved module firebase-functions {\"declared\":true,\"installed\":true,\"version\":\"3.11.0\",\"resolution\":\"C:\\\\Users\\\\Beau\\\\Desktop\\\\code\\\\basharreact\\\\functions\\\\node_modules\\\\firebase-functions\\\\lib\\\\index.js\"}"}}
[debug] [2021-05-30T18:55:04.778Z] [runtime-status] [2824] firebase-admin has been stubbed. {"adminResolution":{"declared":true,"installed":true,"version":"9.9.0","resolution":"C:\\Users\\Beau\\Desktop\\code\\basharreact\\functions\\node_modules\\firebase-admin\\lib\\index.js"}} {"metadata":{"emulator":{"name":"functions"},"message":"[runtime-status] [2824] firebase-admin has been stubbed. {\"adminResolution\":{\"declared\":true,\"installed\":true,\"version\":\"9.9.0\",\"resolution\":\"C:\\\\Users\\\\Beau\\\\Desktop\\\\code\\\\basharreact\\\\functions\\\\node_modules\\\\firebase-admin\\\\lib\\\\index.js\"}}"}}
[debug] [2021-05-30T18:55:04.781Z] [runtime-status] [2824] initializeApp(DEFAULT) {"storageBucket":"bashard.appspot.com","databaseURL":"https://bashard.firebaseio.com","projectId":"bashard"} {"metadata":{"emulator":{"name":"functions"},"message":"[runtime-status] [2824] initializeApp(DEFAULT) {\"storageBucket\":\"bashard.appspot.com\",\"databaseURL\":\"https://bashard.firebaseio.com\",\"projectId\":\"bashard\"}"}}
[debug] [2021-05-30T18:55:04.782Z] [worker-~diagnostic~-5a79487d-e552-441d-bc89-a1751cb78ee9]: IDLE {"metadata":{"emulator":{"name":"functions"},"message":"[worker-~diagnostic~-5a79487d-e552-441d-bc89-a1751cb78ee9]: IDLE"}}
[debug] [2021-05-30T18:55:27.785Z] File C:\Users\Beau\Desktop\code\basharreact\functions\index.js changed, reloading triggers {"metadata":{"emulator":{"name":"functions"},"message":"File C:\\Users\\Beau\\Desktop\\code\\basharreact\\functions\\index.js changed, reloading triggers"}}
[debug] [2021-05-30T18:55:28.791Z] [worker-pool] Shutting down IDLE worker (~diagnostic~) {"metadata":{"emulator":{"name":"functions"},"message":"[worker-pool] Shutting down IDLE worker (~diagnostic~)"}}
[debug] [2021-05-30T18:55:28.792Z] [worker-~diagnostic~-5a79487d-e552-441d-bc89-a1751cb78ee9]: FINISHING {"metadata":{"emulator":{"name":"functions"},"message":"[worker-~diagnostic~-5a79487d-e552-441d-bc89-a1751cb78ee9]: FINISHING"}}
[debug] [2021-05-30T18:55:28.792Z] [worker-pool] Cleaned up workers for ~diagnostic~: 2 --> 1 {"metadata":{"emulator":{"name":"functions"},"message":"[worker-pool] Cleaned up workers for ~diagnostic~: 2 --> 1"}}
[debug] [2021-05-30T18:55:28.797Z] [worker-pool] addWorker(~diagnostic~) {"metadata":{"emulator":{"name":"functions"},"message":"[worker-pool] addWorker(~diagnostic~)"}}
[debug] [2021-05-30T18:55:28.797Z] [worker-pool] Adding worker with key ~diagnostic~, total=2 {"metadata":{"emulator":{"name":"functions"},"message":"[worker-pool] Adding worker with key ~diagnostic~, total=2"}}
[debug] [2021-05-30T18:55:28.798Z] [worker-pool] submitWork(triggerId=) {"metadata":{"emulator":{"name":"functions"},"message":"[worker-pool] submitWork(triggerId=)"}}
[debug] [2021-05-30T18:55:28.798Z] [worker-~diagnostic~-de3fe7ab-07c7-43c5-85e0-288e8826b4ed]: Assigning socketPath: \\?\pipe\C:\Users\Beau\Desktop\code\basharreact\functions\30936 {"metadata":{"emulator":{"name":"functions"},"message":"[worker-~diagnostic~-de3fe7ab-07c7-43c5-85e0-288e8826b4ed]: Assigning socketPath: \\\\?\\pipe\\C:\\Users\\Beau\\Desktop\\code\\basharreact\\functions\\30936"}}
[debug] [2021-05-30T18:55:28.798Z] [worker-~diagnostic~-de3fe7ab-07c7-43c5-85e0-288e8826b4ed]: BUSY {"metadata":{"emulator":{"name":"functions"},"message":"[worker-~diagnostic~-de3fe7ab-07c7-43c5-85e0-288e8826b4ed]: BUSY"}}
[debug] [2021-05-30T18:55:28.799Z] [worker-~diagnostic~-5a79487d-e552-441d-bc89-a1751cb78ee9]: exited {"metadata":{"emulator":{"name":"functions"},"message":"[worker-~diagnostic~-5a79487d-e552-441d-bc89-a1751cb78ee9]: exited"}}
[debug] [2021-05-30T18:55:28.799Z] [worker-~diagnostic~-5a79487d-e552-441d-bc89-a1751cb78ee9]: FINISHED {"metadata":{"emulator":{"name":"functions"},"message":"[worker-~diagnostic~-5a79487d-e552-441d-bc89-a1751cb78ee9]: FINISHED"}}
[debug] [2021-05-30T18:55:29.074Z] [runtime-status] [30936] Functions runtime initialized. {"cwd":"C:\\Users\\Beau\\Desktop\\code\\basharreact\\functions","node_version":"12.18.2"} {"metadata":{"emulator":{"name":"functions"},"message":"[runtime-status] [30936] Functions runtime initialized. {\"cwd\":\"C:\\\\Users\\\\Beau\\\\Desktop\\\\code\\\\basharreact\\\\functions\",\"node_version\":\"12.18.2\"}"}}
[debug] [2021-05-30T18:55:29.075Z] [runtime-status] [30936] Disabled runtime features: undefined {"metadata":{"emulator":{"name":"functions"},"message":"[runtime-status] [30936] Disabled runtime features: undefined"}}
[debug] [2021-05-30T18:55:29.080Z] [runtime-status] [30936] Resolved module firebase-admin {"declared":true,"installed":true,"version":"9.9.0","resolution":"C:\\Users\\Beau\\Desktop\\code\\basharreact\\functions\\node_modules\\firebase-admin\\lib\\index.js"} {"metadata":{"emulator":{"name":"functions"},"message":"[runtime-status] [30936] Resolved module firebase-admin {\"declared\":true,\"installed\":true,\"version\":\"9.9.0\",\"resolution\":\"C:\\\\Users\\\\Beau\\\\Desktop\\\\code\\\\basharreact\\\\functions\\\\node_modules\\\\firebase-admin\\\\lib\\\\index.js\"}"}}
[debug] [2021-05-30T18:55:29.082Z] [runtime-status] [30936] Resolved module firebase-functions {"declared":true,"installed":true,"version":"3.11.0","resolution":"C:\\Users\\Beau\\Desktop\\code\\basharreact\\functions\\node_modules\\firebase-functions\\lib\\index.js"} {"metadata":{"emulator":{"name":"functions"},"message":"[runtime-status] [30936] Resolved module firebase-functions {\"declared\":true,\"installed\":true,\"version\":\"3.11.0\",\"resolution\":\"C:\\\\Users\\\\Beau\\\\Desktop\\\\code\\\\basharreact\\\\functions\\\\node_modules\\\\firebase-functions\\\\lib\\\\index.js\"}"}}
[debug] [2021-05-30T18:55:29.084Z] [runtime-status] [30936] Resolved module firebase-functions {"declared":true,"installed":true,"version":"3.11.0","resolution":"C:\\Users\\Beau\\Desktop\\code\\basharreact\\functions\\node_modules\\firebase-functions\\lib\\index.js"} {"metadata":{"emulator":{"name":"functions"},"message":"[runtime-status] [30936] Resolved module firebase-functions {\"declared\":true,\"installed\":true,\"version\":\"3.11.0\",\"resolution\":\"C:\\\\Users\\\\Beau\\\\Desktop\\\\code\\\\basharreact\\\\functions\\\\node_modules\\\\firebase-functions\\\\lib\\\\index.js\"}"}}
[debug] [2021-05-30T18:55:29.086Z] [runtime-status] [30936] Outgoing network have been stubbed. [{"name":"http","status":"mocked"},{"name":"http","status":"mocked"},{"name":"https","status":"mocked"},{"name":"https","status":"mocked"},{"name":"net","status":"mocked"}] {"metadata":{"emulator":{"name":"functions"},"message":"[runtime-status] [30936] Outgoing network have been stubbed. [{\"name\":\"http\",\"status\":\"mocked\"},{\"name\":\"http\",\"status\":\"mocked\"},{\"name\":\"https\",\"status\":\"mocked\"},{\"name\":\"https\",\"status\":\"mocked\"},{\"name\":\"net\",\"status\":\"mocked\"}]"}}
[debug] [2021-05-30T18:55:29.086Z] [runtime-status] [30936] Resolved module firebase-functions {"declared":true,"installed":true,"version":"3.11.0","resolution":"C:\\Users\\Beau\\Desktop\\code\\basharreact\\functions\\node_modules\\firebase-functions\\lib\\index.js"} {"metadata":{"emulator":{"name":"functions"},"message":"[runtime-status] [30936] Resolved module firebase-functions {\"declared\":true,\"installed\":true,\"version\":\"3.11.0\",\"resolution\":\"C:\\\\Users\\\\Beau\\\\Desktop\\\\code\\\\basharreact\\\\functions\\\\node_modules\\\\firebase-functions\\\\lib\\\\index.js\"}"}}
[debug] [2021-05-30T18:55:29.148Z] [runtime-status] [30936] Checked functions.config() {"config":{}} {"metadata":{"emulator":{"name":"functions"},"message":"[runtime-status] [30936] Checked functions.config() {\"config\":{}}"}}
[debug] [2021-05-30T18:55:29.148Z] [runtime-status] [30936] firebase-functions has been stubbed. {"functionsResolution":{"declared":true,"installed":true,"version":"3.11.0","resolution":"C:\\Users\\Beau\\Desktop\\code\\basharreact\\functions\\node_modules\\firebase-functions\\lib\\index.js"}} {"metadata":{"emulator":{"name":"functions"},"message":"[runtime-status] [30936] firebase-functions has been stubbed. {\"functionsResolution\":{\"declared\":true,\"installed\":true,\"version\":\"3.11.0\",\"resolution\":\"C:\\\\Users\\\\Beau\\\\Desktop\\\\code\\\\basharreact\\\\functions\\\\node_modules\\\\firebase-functions\\\\lib\\\\index.js\"}}"}}
[debug] [2021-05-30T18:55:29.149Z] [runtime-status] [30936] Resolved module firebase-functions {"declared":true,"installed":true,"version":"3.11.0","resolution":"C:\\Users\\Beau\\Desktop\\code\\basharreact\\functions\\node_modules\\firebase-functions\\lib\\index.js"} {"metadata":{"emulator":{"name":"functions"},"message":"[runtime-status] [30936] Resolved module firebase-functions {\"declared\":true,\"installed\":true,\"version\":\"3.11.0\",\"resolution\":\"C:\\\\Users\\\\Beau\\\\Desktop\\\\code\\\\basharreact\\\\functions\\\\node_modules\\\\firebase-functions\\\\lib\\\\index.js\"}"}}
[debug] [2021-05-30T18:55:29.150Z] [runtime-status] [30936] Resolved module firebase-admin {"declared":true,"installed":true,"version":"9.9.0","resolution":"C:\\Users\\Beau\\Desktop\\code\\basharreact\\functions\\node_modules\\firebase-admin\\lib\\index.js"} {"metadata":{"emulator":{"name":"functions"},"message":"[runtime-status] [30936] Resolved module firebase-admin {\"declared\":true,\"installed\":true,\"version\":\"9.9.0\",\"resolution\":\"C:\\\\Users\\\\Beau\\\\Desktop\\\\code\\\\basharreact\\\\functions\\\\node_modules\\\\firebase-admin\\\\lib\\\\index.js\"}"}}
[debug] [2021-05-30T18:55:29.151Z] [runtime-status] [30936] Resolved module firebase-functions {"declared":true,"installed":true,"version":"3.11.0","resolution":"C:\\Users\\Beau\\Desktop\\code\\basharreact\\functions\\node_modules\\firebase-functions\\lib\\index.js"} {"metadata":{"emulator":{"name":"functions"},"message":"[runtime-status] [30936] Resolved module firebase-functions {\"declared\":true,\"installed\":true,\"version\":\"3.11.0\",\"resolution\":\"C:\\\\Users\\\\Beau\\\\Desktop\\\\code\\\\basharreact\\\\functions\\\\node_modules\\\\firebase-functions\\\\lib\\\\index.js\"}"}}
[debug] [2021-05-30T18:55:29.151Z] [runtime-status] [30936] firebase-admin has been stubbed. {"adminResolution":{"declared":true,"installed":true,"version":"9.9.0","resolution":"C:\\Users\\Beau\\Desktop\\code\\basharreact\\functions\\node_modules\\firebase-admin\\lib\\index.js"}} {"metadata":{"emulator":{"name":"functions"},"message":"[runtime-status] [30936] firebase-admin has been stubbed. {\"adminResolution\":{\"declared\":true,\"installed\":true,\"version\":\"9.9.0\",\"resolution\":\"C:\\\\Users\\\\Beau\\\\Desktop\\\\code\\\\basharreact\\\\functions\\\\node_modules\\\\firebase-admin\\\\lib\\\\index.js\"}}"}}
[debug] [2021-05-30T18:55:29.153Z] [runtime-status] [30936] initializeApp(DEFAULT) {"storageBucket":"bashard.appspot.com","databaseURL":"https://bashard.firebaseio.com","projectId":"bashard"} {"metadata":{"emulator":{"name":"functions"},"message":"[runtime-status] [30936] initializeApp(DEFAULT) {\"storageBucket\":\"bashard.appspot.com\",\"databaseURL\":\"https://bashard.firebaseio.com\",\"projectId\":\"bashard\"}"}}
[debug] [2021-05-30T18:55:29.155Z] [worker-~diagnostic~-de3fe7ab-07c7-43c5-85e0-288e8826b4ed]: IDLE {"metadata":{"emulator":{"name":"functions"},"message":"[worker-~diagnostic~-de3fe7ab-07c7-43c5-85e0-288e8826b4ed]: IDLE"}}
[debug] [2021-05-30T18:55:29.876Z] File C:\Users\Beau\Desktop\code\basharreact\functions\index.js changed, reloading triggers {"metadata":{"emulator":{"name":"functions"},"message":"File C:\\Users\\Beau\\Desktop\\code\\basharreact\\functions\\index.js changed, reloading triggers"}}
[debug] [2021-05-30T18:55:30.881Z] [worker-pool] Shutting down IDLE worker (~diagnostic~) {"metadata":{"emulator":{"name":"functions"},"message":"[worker-pool] Shutting down IDLE worker (~diagnostic~)"}}
[debug] [2021-05-30T18:55:30.881Z] [worker-~diagnostic~-de3fe7ab-07c7-43c5-85e0-288e8826b4ed]: FINISHING {"metadata":{"emulator":{"name":"functions"},"message":"[worker-~diagnostic~-de3fe7ab-07c7-43c5-85e0-288e8826b4ed]: FINISHING"}}
[debug] [2021-05-30T18:55:30.882Z] [worker-pool] Cleaned up workers for ~diagnostic~: 2 --> 1 {"metadata":{"emulator":{"name":"functions"},"message":"[worker-pool] Cleaned up workers for ~diagnostic~: 2 --> 1"}}
[debug] [2021-05-30T18:55:30.887Z] [worker-pool] addWorker(~diagnostic~) {"metadata":{"emulator":{"name":"functions"},"message":"[worker-pool] addWorker(~diagnostic~)"}}
[debug] [2021-05-30T18:55:30.888Z] [worker-pool] Adding worker with key ~diagnostic~, total=2 {"metadata":{"emulator":{"name":"functions"},"message":"[worker-pool] Adding worker with key ~diagnostic~, total=2"}}
[debug] [2021-05-30T18:55:30.888Z] [worker-pool] submitWork(triggerId=) {"metadata":{"emulator":{"name":"functions"},"message":"[worker-pool] submitWork(triggerId=)"}}
[debug] [2021-05-30T18:55:30.888Z] [worker-~diagnostic~-ad155ad0-69a7-45fb-84a8-d7221465b877]: Assigning socketPath: \\?\pipe\C:\Users\Beau\Desktop\code\basharreact\functions\30132 {"metadata":{"emulator":{"name":"functions"},"message":"[worker-~diagnostic~-ad155ad0-69a7-45fb-84a8-d7221465b877]: Assigning socketPath: \\\\?\\pipe\\C:\\Users\\Beau\\Desktop\\code\\basharreact\\functions\\30132"}}
[debug] [2021-05-30T18:55:30.888Z] [worker-~diagnostic~-ad155ad0-69a7-45fb-84a8-d7221465b877]: BUSY {"metadata":{"emulator":{"name":"functions"},"message":"[worker-~diagnostic~-ad155ad0-69a7-45fb-84a8-d7221465b877]: BUSY"}}
[debug] [2021-05-30T18:55:30.889Z] [worker-~diagnostic~-de3fe7ab-07c7-43c5-85e0-288e8826b4ed]: exited {"metadata":{"emulator":{"name":"functions"},"message":"[worker-~diagnostic~-de3fe7ab-07c7-43c5-85e0-288e8826b4ed]: exited"}}
[debug] [2021-05-30T18:55:30.889Z] [worker-~diagnostic~-de3fe7ab-07c7-43c5-85e0-288e8826b4ed]: FINISHED {"metadata":{"emulator":{"name":"functions"},"message":"[worker-~diagnostic~-de3fe7ab-07c7-43c5-85e0-288e8826b4ed]: FINISHED"}}
[debug] [2021-05-30T18:55:31.144Z] [runtime-status] [30132] Functions runtime initialized. {"cwd":"C:\\Users\\Beau\\Desktop\\code\\basharreact\\functions","node_version":"12.18.2"} {"metadata":{"emulator":{"name":"functions"},"message":"[runtime-status] [30132] Functions runtime initialized. {\"cwd\":\"C:\\\\Users\\\\Beau\\\\Desktop\\\\code\\\\basharreact\\\\functions\",\"node_version\":\"12.18.2\"}"}}
[debug] [2021-05-30T18:55:31.146Z] [runtime-status] [30132] Disabled runtime features: undefined {"metadata":{"emulator":{"name":"functions"},"message":"[runtime-status] [30132] Disabled runtime features: undefined"}}
[debug] [2021-05-30T18:55:31.152Z] [runtime-status] [30132] Resolved module firebase-admin {"declared":true,"installed":true,"version":"9.9.0","resolution":"C:\\Users\\Beau\\Desktop\\code\\basharreact\\functions\\node_modules\\firebase-admin\\lib\\index.js"} {"metadata":{"emulator":{"name":"functions"},"message":"[runtime-status] [30132] Resolved module firebase-admin {\"declared\":true,\"installed\":true,\"version\":\"9.9.0\",\"resolution\":\"C:\\\\Users\\\\Beau\\\\Desktop\\\\code\\\\basharreact\\\\functions\\\\node_modules\\\\firebase-admin\\\\lib\\\\index.js\"}"}}
[debug] [2021-05-30T18:55:31.154Z] [runtime-status] [30132] Resolved module firebase-functions {"declared":true,"installed":true,"version":"3.11.0","resolution":"C:\\Users\\Beau\\Desktop\\code\\basharreact\\functions\\node_modules\\firebase-functions\\lib\\index.js"} {"metadata":{"emulator":{"name":"functions"},"message":"[runtime-status] [30132] Resolved module firebase-functions {\"declared\":true,\"installed\":true,\"version\":\"3.11.0\",\"resolution\":\"C:\\\\Users\\\\Beau\\\\Desktop\\\\code\\\\basharreact\\\\functions\\\\node_modules\\\\firebase-functions\\\\lib\\\\index.js\"}"}}
[debug] [2021-05-30T18:55:31.155Z] [runtime-status] [30132] Resolved module firebase-functions {"declared":true,"installed":true,"version":"3.11.0","resolution":"C:\\Users\\Beau\\Desktop\\code\\basharreact\\functions\\node_modules\\firebase-functions\\lib\\index.js"} {"metadata":{"emulator":{"name":"functions"},"message":"[runtime-status] [30132] Resolved module firebase-functions {\"declared\":true,\"installed\":true,\"version\":\"3.11.0\",\"resolution\":\"C:\\\\Users\\\\Beau\\\\Desktop\\\\code\\\\basharreact\\\\functions\\\\node_modules\\\\firebase-functions\\\\lib\\\\index.js\"}"}}
[debug] [2021-05-30T18:55:31.156Z] [runtime-status] [30132] Outgoing network have been stubbed. [{"name":"http","status":"mocked"},{"name":"http","status":"mocked"},{"name":"https","status":"mocked"},{"name":"https","status":"mocked"},{"name":"net","status":"mocked"}] {"metadata":{"emulator":{"name":"functions"},"message":"[runtime-status] [30132] Outgoing network have been stubbed. [{\"name\":\"http\",\"status\":\"mocked\"},{\"name\":\"http\",\"status\":\"mocked\"},{\"name\":\"https\",\"status\":\"mocked\"},{\"name\":\"https\",\"status\":\"mocked\"},{\"name\":\"net\",\"status\":\"mocked\"}]"}}
[debug] [2021-05-30T18:55:31.157Z] [runtime-status] [30132] Resolved module firebase-functions {"declared":true,"installed":true,"version":"3.11.0","resolution":"C:\\Users\\Beau\\Desktop\\code\\basharreact\\functions\\node_modules\\firebase-functions\\lib\\index.js"} {"metadata":{"emulator":{"name":"functions"},"message":"[runtime-status] [30132] Resolved module firebase-functions {\"declared\":true,\"installed\":true,\"version\":\"3.11.0\",\"resolution\":\"C:\\\\Users\\\\Beau\\\\Desktop\\\\code\\\\basharreact\\\\functions\\\\node_modules\\\\firebase-functions\\\\lib\\\\index.js\"}"}}
[debug] [2021-05-30T18:55:31.214Z] [runtime-status] [30132] Checked functions.config() {"config":{}} {"metadata":{"emulator":{"name":"functions"},"message":"[runtime-status] [30132] Checked functions.config() {\"config\":{}}"}}
[debug] [2021-05-30T18:55:31.215Z] [runtime-status] [30132] firebase-functions has been stubbed. {"functionsResolution":{"declared":true,"installed":true,"version":"3.11.0","resolution":"C:\\Users\\Beau\\Desktop\\code\\basharreact\\functions\\node_modules\\firebase-functions\\lib\\index.js"}} {"metadata":{"emulator":{"name":"functions"},"message":"[runtime-status] [30132] firebase-functions has been stubbed. {\"functionsResolution\":{\"declared\":true,\"installed\":true,\"version\":\"3.11.0\",\"resolution\":\"C:\\\\Users\\\\Beau\\\\Desktop\\\\code\\\\basharreact\\\\functions\\\\node_modules\\\\firebase-functions\\\\lib\\\\index.js\"}}"}}
[debug] [2021-05-30T18:55:31.215Z] [runtime-status] [30132] Resolved module firebase-functions {"declared":true,"installed":true,"version":"3.11.0","resolution":"C:\\Users\\Beau\\Desktop\\code\\basharreact\\functions\\node_modules\\firebase-functions\\lib\\index.js"} {"metadata":{"emulator":{"name":"functions"},"message":"[runtime-status] [30132] Resolved module firebase-functions {\"declared\":true,\"installed\":true,\"version\":\"3.11.0\",\"resolution\":\"C:\\\\Users\\\\Beau\\\\Desktop\\\\code\\\\basharreact\\\\functions\\\\node_modules\\\\firebase-functions\\\\lib\\\\index.js\"}"}}
[debug] [2021-05-30T18:55:31.217Z] [runtime-status] [30132] Resolved module firebase-admin {"declared":true,"installed":true,"version":"9.9.0","resolution":"C:\\Users\\Beau\\Desktop\\code\\basharreact\\functions\\node_modules\\firebase-admin\\lib\\index.js"} {"metadata":{"emulator":{"name":"functions"},"message":"[runtime-status] [30132] Resolved module firebase-admin {\"declared\":true,\"installed\":true,\"version\":\"9.9.0\",\"resolution\":\"C:\\\\Users\\\\Beau\\\\Desktop\\\\code\\\\basharreact\\\\functions\\\\node_modules\\\\firebase-admin\\\\lib\\\\index.js\"}"}}
[debug] [2021-05-30T18:55:31.217Z] [runtime-status] [30132] Resolved module firebase-functions {"declared":true,"installed":true,"version":"3.11.0","resolution":"C:\\Users\\Beau\\Desktop\\code\\basharreact\\functions\\node_modules\\firebase-functions\\lib\\index.js"} {"metadata":{"emulator":{"name":"functions"},"message":"[runtime-status] [30132] Resolved module firebase-functions {\"declared\":true,\"installed\":true,\"version\":\"3.11.0\",\"resolution\":\"C:\\\\Users\\\\Beau\\\\Desktop\\\\code\\\\basharreact\\\\functions\\\\node_modules\\\\firebase-functions\\\\lib\\\\index.js\"}"}}
[debug] [2021-05-30T18:55:31.217Z] [runtime-status] [30132] firebase-admin has been stubbed. {"adminResolution":{"declared":true,"installed":true,"version":"9.9.0","resolution":"C:\\Users\\Beau\\Desktop\\code\\basharreact\\functions\\node_modules\\firebase-admin\\lib\\index.js"}} {"metadata":{"emulator":{"name":"functions"},"message":"[runtime-status] [30132] firebase-admin has been stubbed. {\"adminResolution\":{\"declared\":true,\"installed\":true,\"version\":\"9.9.0\",\"resolution\":\"C:\\\\Users\\\\Beau\\\\Desktop\\\\code\\\\basharreact\\\\functions\\\\node_modules\\\\firebase-admin\\\\lib\\\\index.js\"}}"}}
[debug] [2021-05-30T18:55:31.220Z] [runtime-status] [30132] initializeApp(DEFAULT) {"storageBucket":"bashard.appspot.com","databaseURL":"https://bashard.firebaseio.com","projectId":"bashard"} {"metadata":{"emulator":{"name":"functions"},"message":"[runtime-status] [30132] initializeApp(DEFAULT) {\"storageBucket\":\"bashard.appspot.com\",\"databaseURL\":\"https://bashard.firebaseio.com\",\"projectId\":\"bashard\"}"}}
[debug] [2021-05-30T18:55:31.221Z] [worker-~diagnostic~-ad155ad0-69a7-45fb-84a8-d7221465b877]: IDLE {"metadata":{"emulator":{"name":"functions"},"message":"[worker-~diagnostic~-ad155ad0-69a7-45fb-84a8-d7221465b877]: IDLE"}}
[debug] [2021-05-30T18:55:33.452Z] File C:\Users\Beau\Desktop\code\basharreact\functions\index.js changed, reloading triggers {"metadata":{"emulator":{"name":"functions"},"message":"File C:\\Users\\Beau\\Desktop\\code\\basharreact\\functions\\index.js changed, reloading triggers"}}
[debug] [2021-05-30T18:55:34.459Z] [worker-pool] Shutting down IDLE worker (~diagnostic~) {"metadata":{"emulator":{"name":"functions"},"message":"[worker-pool] Shutting down IDLE worker (~diagnostic~)"}}
[debug] [2021-05-30T18:55:34.459Z] [worker-~diagnostic~-ad155ad0-69a7-45fb-84a8-d7221465b877]: FINISHING {"metadata":{"emulator":{"name":"functions"},"message":"[worker-~diagnostic~-ad155ad0-69a7-45fb-84a8-d7221465b877]: FINISHING"}}
[debug] [2021-05-30T18:55:34.459Z] [worker-pool] Cleaned up workers for ~diagnostic~: 2 --> 1 {"metadata":{"emulator":{"name":"functions"},"message":"[worker-pool] Cleaned up workers for ~diagnostic~: 2 --> 1"}}
[debug] [2021-05-30T18:55:34.465Z] [worker-pool] addWorker(~diagnostic~) {"metadata":{"emulator":{"name":"functions"},"message":"[worker-pool] addWorker(~diagnostic~)"}}
[debug] [2021-05-30T18:55:34.465Z] [worker-pool] Adding worker with key ~diagnostic~, total=2 {"metadata":{"emulator":{"name":"functions"},"message":"[worker-pool] Adding worker with key ~diagnostic~, total=2"}}
[debug] [2021-05-30T18:55:34.465Z] [worker-pool] submitWork(triggerId=) {"metadata":{"emulator":{"name":"functions"},"message":"[worker-pool] submitWork(triggerId=)"}}
[debug] [2021-05-30T18:55:34.465Z] [worker-~diagnostic~-1ee2a78f-76f4-4a44-8336-353d5909d8cc]: Assigning socketPath: \\?\pipe\C:\Users\Beau\Desktop\code\basharreact\functions\30868 {"metadata":{"emulator":{"name":"functions"},"message":"[worker-~diagnostic~-1ee2a78f-76f4-4a44-8336-353d5909d8cc]: Assigning socketPath: \\\\?\\pipe\\C:\\Users\\Beau\\Desktop\\code\\basharreact\\functions\\30868"}}
[debug] [2021-05-30T18:55:34.465Z] [worker-~diagnostic~-1ee2a78f-76f4-4a44-8336-353d5909d8cc]: BUSY {"metadata":{"emulator":{"name":"functions"},"message":"[worker-~diagnostic~-1ee2a78f-76f4-4a44-8336-353d5909d8cc]: BUSY"}}
[debug] [2021-05-30T18:55:34.467Z] [worker-~diagnostic~-ad155ad0-69a7-45fb-84a8-d7221465b877]: exited {"metadata":{"emulator":{"name":"functions"},"message":"[worker-~diagnostic~-ad155ad0-69a7-45fb-84a8-d7221465b877]: exited"}}
[debug] [2021-05-30T18:55:34.467Z] [worker-~diagnostic~-ad155ad0-69a7-45fb-84a8-d7221465b877]: FINISHED {"metadata":{"emulator":{"name":"functions"},"message":"[worker-~diagnostic~-ad155ad0-69a7-45fb-84a8-d7221465b877]: FINISHED"}}
[debug] [2021-05-30T18:55:34.762Z] [runtime-status] [30868] Functions runtime initialized. {"cwd":"C:\\Users\\Beau\\Desktop\\code\\basharreact\\functions","node_version":"12.18.2"} {"metadata":{"emulator":{"name":"functions"},"message":"[runtime-status] [30868] Functions runtime initialized. {\"cwd\":\"C:\\\\Users\\\\Beau\\\\Desktop\\\\code\\\\basharreact\\\\functions\",\"node_version\":\"12.18.2\"}"}}
[debug] [2021-05-30T18:55:34.764Z] [runtime-status] [30868] Disabled runtime features: undefined {"metadata":{"emulator":{"name":"functions"},"message":"[runtime-status] [30868] Disabled runtime features: undefined"}}
[debug] [2021-05-30T18:55:34.768Z] [runtime-status] [30868] Resolved module firebase-admin {"declared":true,"installed":true,"version":"9.9.0","resolution":"C:\\Users\\Beau\\Desktop\\code\\basharreact\\functions\\node_modules\\firebase-admin\\lib\\index.js"} {"metadata":{"emulator":{"name":"functions"},"message":"[runtime-status] [30868] Resolved module firebase-admin {\"declared\":true,\"installed\":true,\"version\":\"9.9.0\",\"resolution\":\"C:\\\\Users\\\\Beau\\\\Desktop\\\\code\\\\basharreact\\\\functions\\\\node_modules\\\\firebase-admin\\\\lib\\\\index.js\"}"}}
[debug] [2021-05-30T18:55:34.770Z] [runtime-status] [30868] Resolved module firebase-functions {"declared":true,"installed":true,"version":"3.11.0","resolution":"C:\\Users\\Beau\\Desktop\\code\\basharreact\\functions\\node_modules\\firebase-functions\\lib\\index.js"} {"metadata":{"emulator":{"name":"functions"},"message":"[runtime-status] [30868] Resolved module firebase-functions {\"declared\":true,\"installed\":true,\"version\":\"3.11.0\",\"resolution\":\"C:\\\\Users\\\\Beau\\\\Desktop\\\\code\\\\basharreact\\\\functions\\\\node_modules\\\\firebase-functions\\\\lib\\\\index.js\"}"}}
[debug] [2021-05-30T18:55:34.771Z] [runtime-status] [30868] Resolved module firebase-functions {"declared":true,"installed":true,"version":"3.11.0","resolution":"C:\\Users\\Beau\\Desktop\\code\\basharreact\\functions\\node_modules\\firebase-functions\\lib\\index.js"} {"metadata":{"emulator":{"name":"functions"},"message":"[runtime-status] [30868] Resolved module firebase-functions {\"declared\":true,\"installed\":true,\"version\":\"3.11.0\",\"resolution\":\"C:\\\\Users\\\\Beau\\\\Desktop\\\\code\\\\basharreact\\\\functions\\\\node_modules\\\\firebase-functions\\\\lib\\\\index.js\"}"}}
[debug] [2021-05-30T18:55:34.773Z] [runtime-status] [30868] Outgoing network have been stubbed. [{"name":"http","status":"mocked"},{"name":"http","status":"mocked"},{"name":"https","status":"mocked"},{"name":"https","status":"mocked"},{"name":"net","status":"mocked"}] {"metadata":{"emulator":{"name":"functions"},"message":"[runtime-status] [30868] Outgoing network have been stubbed. [{\"name\":\"http\",\"status\":\"mocked\"},{\"name\":\"http\",\"status\":\"mocked\"},{\"name\":\"https\",\"status\":\"mocked\"},{\"name\":\"https\",\"status\":\"mocked\"},{\"name\":\"net\",\"status\":\"mocked\"}]"}}
[debug] [2021-05-30T18:55:34.774Z] [runtime-status] [30868] Resolved module firebase-functions {"declared":true,"installed":true,"version":"3.11.0","resolution":"C:\\Users\\Beau\\Desktop\\code\\basharreact\\functions\\node_modules\\firebase-functions\\lib\\index.js"} {"metadata":{"emulator":{"name":"functions"},"message":"[runtime-status] [30868] Resolved module firebase-functions {\"declared\":true,\"installed\":true,\"version\":\"3.11.0\",\"resolution\":\"C:\\\\Users\\\\Beau\\\\Desktop\\\\code\\\\basharreact\\\\functions\\\\node_modules\\\\firebase-functions\\\\lib\\\\index.js\"}"}}
[debug] [2021-05-30T18:55:34.834Z] [runtime-status] [30868] Checked functions.config() {"config":{}} {"metadata":{"emulator":{"name":"functions"},"message":"[runtime-status] [30868] Checked functions.config() {\"config\":{}}"}}
[debug] [2021-05-30T18:55:34.835Z] [runtime-status] [30868] firebase-functions has been stubbed. {"functionsResolution":{"declared":true,"installed":true,"version":"3.11.0","resolution":"C:\\Users\\Beau\\Desktop\\code\\basharreact\\functions\\node_modules\\firebase-functions\\lib\\index.js"}} {"metadata":{"emulator":{"name":"functions"},"message":"[runtime-status] [30868] firebase-functions has been stubbed. {\"functionsResolution\":{\"declared\":true,\"installed\":true,\"version\":\"3.11.0\",\"resolution\":\"C:\\\\Users\\\\Beau\\\\Desktop\\\\code\\\\basharreact\\\\functions\\\\node_modules\\\\firebase-functions\\\\lib\\\\index.js\"}}"}}
[debug] [2021-05-30T18:55:34.835Z] [runtime-status] [30868] Resolved module firebase-functions {"declared":true,"installed":true,"version":"3.11.0","resolution":"C:\\Users\\Beau\\Desktop\\code\\basharreact\\functions\\node_modules\\firebase-functions\\lib\\index.js"} {"metadata":{"emulator":{"name":"functions"},"message":"[runtime-status] [30868] Resolved module firebase-functions {\"declared\":true,\"installed\":true,\"version\":\"3.11.0\",\"resolution\":\"C:\\\\Users\\\\Beau\\\\Desktop\\\\code\\\\basharreact\\\\functions\\\\node_modules\\\\firebase-functions\\\\lib\\\\index.js\"}"}}
[debug] [2021-05-30T18:55:34.836Z] [runtime-status] [30868] Resolved module firebase-admin {"declared":true,"installed":true,"version":"9.9.0","resolution":"C:\\Users\\Beau\\Desktop\\code\\basharreact\\functions\\node_modules\\firebase-admin\\lib\\index.js"} {"metadata":{"emulator":{"name":"functions"},"message":"[runtime-status] [30868] Resolved module firebase-admin {\"declared\":true,\"installed\":true,\"version\":\"9.9.0\",\"resolution\":\"C:\\\\Users\\\\Beau\\\\Desktop\\\\code\\\\basharreact\\\\functions\\\\node_modules\\\\firebase-admin\\\\lib\\\\index.js\"}"}}
[debug] [2021-05-30T18:55:34.837Z] [runtime-status] [30868] Resolved module firebase-functions {"declared":true,"installed":true,"version":"3.11.0","resolution":"C:\\Users\\Beau\\Desktop\\code\\basharreact\\functions\\node_modules\\firebase-functions\\lib\\index.js"} {"metadata":{"emulator":{"name":"functions"},"message":"[runtime-status] [30868] Resolved module firebase-functions {\"declared\":true,\"installed\":true,\"version\":\"3.11.0\",\"resolution\":\"C:\\\\Users\\\\Beau\\\\Desktop\\\\code\\\\basharreact\\\\functions\\\\node_modules\\\\firebase-functions\\\\lib\\\\index.js\"}"}}
[debug] [2021-05-30T18:55:34.837Z] [runtime-status] [30868] firebase-admin has been stubbed. {"adminResolution":{"declared":true,"installed":true,"version":"9.9.0","resolution":"C:\\Users\\Beau\\Desktop\\code\\basharreact\\functions\\node_modules\\firebase-admin\\lib\\index.js"}} {"metadata":{"emulator":{"name":"functions"},"message":"[runtime-status] [30868] firebase-admin has been stubbed. {\"adminResolution\":{\"declared\":true,\"installed\":true,\"version\":\"9.9.0\",\"resolution\":\"C:\\\\Users\\\\Beau\\\\Desktop\\\\code\\\\basharreact\\\\functions\\\\node_modules\\\\firebase-admin\\\\lib\\\\index.js\"}}"}}
[debug] [2021-05-30T18:55:34.839Z] [runtime-status] [30868] initializeApp(DEFAULT) {"storageBucket":"bashard.appspot.com","databaseURL":"https://bashard.firebaseio.com","projectId":"bashard"} {"metadata":{"emulator":{"name":"functions"},"message":"[runtime-status] [30868] initializeApp(DEFAULT) {\"storageBucket\":\"bashard.appspot.com\",\"databaseURL\":\"https://bashard.firebaseio.com\",\"projectId\":\"bashard\"}"}}
[debug] [2021-05-30T18:55:34.841Z] [worker-~diagnostic~-1ee2a78f-76f4-4a44-8336-353d5909d8cc]: IDLE {"metadata":{"emulator":{"name":"functions"},"message":"[worker-~diagnostic~-1ee2a78f-76f4-4a44-8336-353d5909d8cc]: IDLE"}}
[debug] [2021-05-30T18:55:35.240Z] File C:\Users\Beau\Desktop\code\basharreact\functions\index.js changed, reloading triggers {"metadata":{"emulator":{"name":"functions"},"message":"File C:\\Users\\Beau\\Desktop\\code\\basharreact\\functions\\index.js changed, reloading triggers"}}
[debug] [2021-05-30T18:55:36.254Z] [worker-pool] Shutting down IDLE worker (~diagnostic~) {"metadata":{"emulator":{"name":"functions"},"message":"[worker-pool] Shutting down IDLE worker (~diagnostic~)"}}
[debug] [2021-05-30T18:55:36.254Z] [worker-~diagnostic~-1ee2a78f-76f4-4a44-8336-353d5909d8cc]: FINISHING {"metadata":{"emulator":{"name":"functions"},"message":"[worker-~diagnostic~-1ee2a78f-76f4-4a44-8336-353d5909d8cc]: FINISHING"}}
[debug] [2021-05-30T18:55:36.254Z] [worker-pool] Cleaned up workers for ~diagnostic~: 2 --> 1 {"metadata":{"emulator":{"name":"functions"},"message":"[worker-pool] Cleaned up workers for ~diagnostic~: 2 --> 1"}}
[debug] [2021-05-30T18:55:36.259Z] [worker-pool] addWorker(~diagnostic~) {"metadata":{"emulator":{"name":"functions"},"message":"[worker-pool] addWorker(~diagnostic~)"}}
[debug] [2021-05-30T18:55:36.260Z] [worker-pool] Adding worker with key ~diagnostic~, total=2 {"metadata":{"emulator":{"name":"functions"},"message":"[worker-pool] Adding worker with key ~diagnostic~, total=2"}}
[debug] [2021-05-30T18:55:36.260Z] [worker-pool] submitWork(triggerId=) {"metadata":{"emulator":{"name":"functions"},"message":"[worker-pool] submitWork(triggerId=)"}}
[debug] [2021-05-30T18:55:36.260Z] [worker-~diagnostic~-92f1cd7d-06bc-4b2c-9394-18b69c83bf9b]: Assigning socketPath: \\?\pipe\C:\Users\Beau\Desktop\code\basharreact\functions\18412 {"metadata":{"emulator":{"name":"functions"},"message":"[worker-~diagnostic~-92f1cd7d-06bc-4b2c-9394-18b69c83bf9b]: Assigning socketPath: \\\\?\\pipe\\C:\\Users\\Beau\\Desktop\\code\\basharreact\\functions\\18412"}}
[debug] [2021-05-30T18:55:36.260Z] [worker-~diagnostic~-92f1cd7d-06bc-4b2c-9394-18b69c83bf9b]: BUSY {"metadata":{"emulator":{"name":"functions"},"message":"[worker-~diagnostic~-92f1cd7d-06bc-4b2c-9394-18b69c83bf9b]: BUSY"}}
[debug] [2021-05-30T18:55:36.261Z] [worker-~diagnostic~-1ee2a78f-76f4-4a44-8336-353d5909d8cc]: exited {"metadata":{"emulator":{"name":"functions"},"message":"[worker-~diagnostic~-1ee2a78f-76f4-4a44-8336-353d5909d8cc]: exited"}}
[debug] [2021-05-30T18:55:36.261Z] [worker-~diagnostic~-1ee2a78f-76f4-4a44-8336-353d5909d8cc]: FINISHED {"metadata":{"emulator":{"name":"functions"},"message":"[worker-~diagnostic~-1ee2a78f-76f4-4a44-8336-353d5909d8cc]: FINISHED"}}
[debug] [2021-05-30T18:55:36.491Z] [runtime-status] [18412] Functions runtime initialized. {"cwd":"C:\\Users\\Beau\\Desktop\\code\\basharreact\\functions","node_version":"12.18.2"} {"metadata":{"emulator":{"name":"functions"},"message":"[runtime-status] [18412] Functions runtime initialized. {\"cwd\":\"C:\\\\Users\\\\Beau\\\\Desktop\\\\code\\\\basharreact\\\\functions\",\"node_version\":\"12.18.2\"}"}}
[debug] [2021-05-30T18:55:36.493Z] [runtime-status] [18412] Disabled runtime features: undefined {"metadata":{"emulator":{"name":"functions"},"message":"[runtime-status] [18412] Disabled runtime features: undefined"}}
[debug] [2021-05-30T18:55:36.496Z] [runtime-status] [18412] Resolved module firebase-admin {"declared":true,"installed":true,"version":"9.9.0","resolution":"C:\\Users\\Beau\\Desktop\\code\\basharreact\\functions\\node_modules\\firebase-admin\\lib\\index.js"} {"metadata":{"emulator":{"name":"functions"},"message":"[runtime-status] [18412] Resolved module firebase-admin {\"declared\":true,\"installed\":true,\"version\":\"9.9.0\",\"resolution\":\"C:\\\\Users\\\\Beau\\\\Desktop\\\\code\\\\basharreact\\\\functions\\\\node_modules\\\\firebase-admin\\\\lib\\\\index.js\"}"}}
[debug] [2021-05-30T18:55:36.498Z] [runtime-status] [18412] Resolved module firebase-functions {"declared":true,"installed":true,"version":"3.11.0","resolution":"C:\\Users\\Beau\\Desktop\\code\\basharreact\\functions\\node_modules\\firebase-functions\\lib\\index.js"} {"metadata":{"emulator":{"name":"functions"},"message":"[runtime-status] [18412] Resolved module firebase-functions {\"declared\":true,\"installed\":true,\"version\":\"3.11.0\",\"resolution\":\"C:\\\\Users\\\\Beau\\\\Desktop\\\\code\\\\basharreact\\\\functions\\\\node_modules\\\\firebase-functions\\\\lib\\\\index.js\"}"}}
[debug] [2021-05-30T18:55:36.499Z] [runtime-status] [18412] Resolved module firebase-functions {"declared":true,"installed":true,"version":"3.11.0","resolution":"C:\\Users\\Beau\\Desktop\\code\\basharreact\\functions\\node_modules\\firebase-functions\\lib\\index.js"} {"metadata":{"emulator":{"name":"functions"},"message":"[runtime-status] [18412] Resolved module firebase-functions {\"declared\":true,\"installed\":true,\"version\":\"3.11.0\",\"resolution\":\"C:\\\\Users\\\\Beau\\\\Desktop\\\\code\\\\basharreact\\\\functions\\\\node_modules\\\\firebase-functions\\\\lib\\\\index.js\"}"}}
[debug] [2021-05-30T18:55:36.501Z] [runtime-status] [18412] Outgoing network have been stubbed. [{"name":"http","status":"mocked"},{"name":"http","status":"mocked"},{"name":"https","status":"mocked"},{"name":"https","status":"mocked"},{"name":"net","status":"mocked"}] {"metadata":{"emulator":{"name":"functions"},"message":"[runtime-status] [18412] Outgoing network have been stubbed. [{\"name\":\"http\",\"status\":\"mocked\"},{\"name\":\"http\",\"status\":\"mocked\"},{\"name\":\"https\",\"status\":\"mocked\"},{\"name\":\"https\",\"status\":\"mocked\"},{\"name\":\"net\",\"status\":\"mocked\"}]"}}
[debug] [2021-05-30T18:55:36.502Z] [runtime-status] [18412] Resolved module firebase-functions {"declared":true,"installed":true,"version":"3.11.0","resolution":"C:\\Users\\Beau\\Desktop\\code\\basharreact\\functions\\node_modules\\firebase-functions\\lib\\index.js"} {"metadata":{"emulator":{"name":"functions"},"message":"[runtime-status] [18412] Resolved module firebase-functions {\"declared\":true,\"installed\":true,\"version\":\"3.11.0\",\"resolution\":\"C:\\\\Users\\\\Beau\\\\Desktop\\\\code\\\\basharreact\\\\functions\\\\node_modules\\\\firebase-functions\\\\lib\\\\index.js\"}"}}
[debug] [2021-05-30T18:55:36.556Z] [runtime-status] [18412] Checked functions.config() {"config":{}} {"metadata":{"emulator":{"name":"functions"},"message":"[runtime-status] [18412] Checked functions.config() {\"config\":{}}"}}
[debug] [2021-05-30T18:55:36.557Z] [runtime-status] [18412] firebase-functions has been stubbed. {"functionsResolution":{"declared":true,"installed":true,"version":"3.11.0","resolution":"C:\\Users\\Beau\\Desktop\\code\\basharreact\\functions\\node_modules\\firebase-functions\\lib\\index.js"}} {"metadata":{"emulator":{"name":"functions"},"message":"[runtime-status] [18412] firebase-functions has been stubbed. {\"functionsResolution\":{\"declared\":true,\"installed\":true,\"version\":\"3.11.0\",\"resolution\":\"C:\\\\Users\\\\Beau\\\\Desktop\\\\code\\\\basharreact\\\\functions\\\\node_modules\\\\firebase-functions\\\\lib\\\\index.js\"}}"}}
[debug] [2021-05-30T18:55:36.557Z] [runtime-status] [18412] Resolved module firebase-functions {"declared":true,"installed":true,"version":"3.11.0","resolution":"C:\\Users\\Beau\\Desktop\\code\\basharreact\\functions\\node_modules\\firebase-functions\\lib\\index.js"} {"metadata":{"emulator":{"name":"functions"},"message":"[runtime-status] [18412] Resolved module firebase-functions {\"declared\":true,\"installed\":true,\"version\":\"3.11.0\",\"resolution\":\"C:\\\\Users\\\\Beau\\\\Desktop\\\\code\\\\basharreact\\\\functions\\\\node_modules\\\\firebase-functions\\\\lib\\\\index.js\"}"}}
[debug] [2021-05-30T18:55:36.558Z] [runtime-status] [18412] Resolved module firebase-admin {"declared":true,"installed":true,"version":"9.9.0","resolution":"C:\\Users\\Beau\\Desktop\\code\\basharreact\\functions\\node_modules\\firebase-admin\\lib\\index.js"} {"metadata":{"emulator":{"name":"functions"},"message":"[runtime-status] [18412] Resolved module firebase-admin {\"declared\":true,\"installed\":true,\"version\":\"9.9.0\",\"resolution\":\"C:\\\\Users\\\\Beau\\\\Desktop\\\\code\\\\basharreact\\\\functions\\\\node_modules\\\\firebase-admin\\\\lib\\\\index.js\"}"}}
[debug] [2021-05-30T18:55:36.559Z] [runtime-status] [18412] Resolved module firebase-functions {"declared":true,"installed":true,"version":"3.11.0","resolution":"C:\\Users\\Beau\\Desktop\\code\\basharreact\\functions\\node_modules\\firebase-functions\\lib\\index.js"} {"metadata":{"emulator":{"name":"functions"},"message":"[runtime-status] [18412] Resolved module firebase-functions {\"declared\":true,\"installed\":true,\"version\":\"3.11.0\",\"resolution\":\"C:\\\\Users\\\\Beau\\\\Desktop\\\\code\\\\basharreact\\\\functions\\\\node_modules\\\\firebase-functions\\\\lib\\\\index.js\"}"}}
[debug] [2021-05-30T18:55:36.560Z] [runtime-status] [18412] firebase-admin has been stubbed. {"adminResolution":{"declared":true,"installed":true,"version":"9.9.0","resolution":"C:\\Users\\Beau\\Desktop\\code\\basharreact\\functions\\node_modules\\firebase-admin\\lib\\index.js"}} {"metadata":{"emulator":{"name":"functions"},"message":"[runtime-status] [18412] firebase-admin has been stubbed. {\"adminResolution\":{\"declared\":true,\"installed\":true,\"version\":\"9.9.0\",\"resolution\":\"C:\\\\Users\\\\Beau\\\\Desktop\\\\code\\\\basharreact\\\\functions\\\\node_modules\\\\firebase-admin\\\\lib\\\\index.js\"}}"}}
[debug] [2021-05-30T18:55:36.561Z] [runtime-status] [18412] initializeApp(DEFAULT) {"storageBucket":"bashard.appspot.com","databaseURL":"https://bashard.firebaseio.com","projectId":"bashard"} {"metadata":{"emulator":{"name":"functions"},"message":"[runtime-status] [18412] initializeApp(DEFAULT) {\"storageBucket\":\"bashard.appspot.com\",\"databaseURL\":\"https://bashard.firebaseio.com\",\"projectId\":\"bashard\"}"}}
[debug] [2021-05-30T18:55:36.563Z] [worker-~diagnostic~-92f1cd7d-06bc-4b2c-9394-18b69c83bf9b]: IDLE {"metadata":{"emulator":{"name":"functions"},"message":"[worker-~diagnostic~-92f1cd7d-06bc-4b2c-9394-18b69c83bf9b]: IDLE"}}
[debug] [2021-05-30T18:55:42.194Z] File C:\Users\Beau\Desktop\code\basharreact\functions\index.js changed, reloading triggers {"metadata":{"emulator":{"name":"functions"},"message":"File C:\\Users\\Beau\\Desktop\\code\\basharreact\\functions\\index.js changed, reloading triggers"}}
[debug] [2021-05-30T18:55:43.210Z] [worker-pool] Shutting down IDLE worker (~diagnostic~) {"metadata":{"emulator":{"name":"functions"},"message":"[worker-pool] Shutting down IDLE worker (~diagnostic~)"}}
[debug] [2021-05-30T18:55:43.210Z] [worker-~diagnostic~-92f1cd7d-06bc-4b2c-9394-18b69c83bf9b]: FINISHING {"metadata":{"emulator":{"name":"functions"},"message":"[worker-~diagnostic~-92f1cd7d-06bc-4b2c-9394-18b69c83bf9b]: FINISHING"}}
[debug] [2021-05-30T18:55:43.211Z] [worker-pool] Cleaned up workers for ~diagnostic~: 2 --> 1 {"metadata":{"emulator":{"name":"functions"},"message":"[worker-pool] Cleaned up workers for ~diagnostic~: 2 --> 1"}}
[debug] [2021-05-30T18:55:43.221Z] [worker-pool] addWorker(~diagnostic~) {"metadata":{"emulator":{"name":"functions"},"message":"[worker-pool] addWorker(~diagnostic~)"}}
[debug] [2021-05-30T18:55:43.222Z] [worker-pool] Adding worker with key ~diagnostic~, total=2 {"metadata":{"emulator":{"name":"functions"},"message":"[worker-pool] Adding worker with key ~diagnostic~, total=2"}}
[debug] [2021-05-30T18:55:43.222Z] [worker-pool] submitWork(triggerId=) {"metadata":{"emulator":{"name":"functions"},"message":"[worker-pool] submitWork(triggerId=)"}}
[debug] [2021-05-30T18:55:43.222Z] [worker-~diagnostic~-c6973c9d-dc50-4342-9fc1-8796a7666ab7]: Assigning socketPath: \\?\pipe\C:\Users\Beau\Desktop\code\basharreact\functions\7756 {"metadata":{"emulator":{"name":"functions"},"message":"[worker-~diagnostic~-c6973c9d-dc50-4342-9fc1-8796a7666ab7]: Assigning socketPath: \\\\?\\pipe\\C:\\Users\\Beau\\Desktop\\code\\basharreact\\functions\\7756"}}
[debug] [2021-05-30T18:55:43.222Z] [worker-~diagnostic~-c6973c9d-dc50-4342-9fc1-8796a7666ab7]: BUSY {"metadata":{"emulator":{"name":"functions"},"message":"[worker-~diagnostic~-c6973c9d-dc50-4342-9fc1-8796a7666ab7]: BUSY"}}
[debug] [2021-05-30T18:55:43.224Z] [worker-~diagnostic~-92f1cd7d-06bc-4b2c-9394-18b69c83bf9b]: exited {"metadata":{"emulator":{"name":"functions"},"message":"[worker-~diagnostic~-92f1cd7d-06bc-4b2c-9394-18b69c83bf9b]: exited"}}
[debug] [2021-05-30T18:55:43.224Z] [worker-~diagnostic~-92f1cd7d-06bc-4b2c-9394-18b69c83bf9b]: FINISHED {"metadata":{"emulator":{"name":"functions"},"message":"[worker-~diagnostic~-92f1cd7d-06bc-4b2c-9394-18b69c83bf9b]: FINISHED"}}
[debug] [2021-05-30T18:55:43.482Z] [runtime-status] [7756] Functions runtime initialized. {"cwd":"C:\\Users\\Beau\\Desktop\\code\\basharreact\\functions","node_version":"12.18.2"} {"metadata":{"emulator":{"name":"functions"},"message":"[runtime-status] [7756] Functions runtime initialized. {\"cwd\":\"C:\\\\Users\\\\Beau\\\\Desktop\\\\code\\\\basharreact\\\\functions\",\"node_version\":\"12.18.2\"}"}}
[debug] [2021-05-30T18:55:43.483Z] [runtime-status] [7756] Disabled runtime features: undefined {"metadata":{"emulator":{"name":"functions"},"message":"[runtime-status] [7756] Disabled runtime features: undefined"}}
[debug] [2021-05-30T18:55:43.487Z] [runtime-status] [7756] Resolved module firebase-admin {"declared":true,"installed":true,"version":"9.9.0","resolution":"C:\\Users\\Beau\\Desktop\\code\\basharreact\\functions\\node_modules\\firebase-admin\\lib\\index.js"} {"metadata":{"emulator":{"name":"functions"},"message":"[runtime-status] [7756] Resolved module firebase-admin {\"declared\":true,\"installed\":true,\"version\":\"9.9.0\",\"resolution\":\"C:\\\\Users\\\\Beau\\\\Desktop\\\\code\\\\basharreact\\\\functions\\\\node_modules\\\\firebase-admin\\\\lib\\\\index.js\"}"}}
[debug] [2021-05-30T18:55:43.489Z] [runtime-status] [7756] Resolved module firebase-functions {"declared":true,"installed":true,"version":"3.11.0","resolution":"C:\\Users\\Beau\\Desktop\\code\\basharreact\\functions\\node_modules\\firebase-functions\\lib\\index.js"} {"metadata":{"emulator":{"name":"functions"},"message":"[runtime-status] [7756] Resolved module firebase-functions {\"declared\":true,\"installed\":true,\"version\":\"3.11.0\",\"resolution\":\"C:\\\\Users\\\\Beau\\\\Desktop\\\\code\\\\basharreact\\\\functions\\\\node_modules\\\\firebase-functions\\\\lib\\\\index.js\"}"}}
[debug] [2021-05-30T18:55:43.490Z] [runtime-status] [7756] Resolved module firebase-functions {"declared":true,"installed":true,"version":"3.11.0","resolution":"C:\\Users\\Beau\\Desktop\\code\\basharreact\\functions\\node_modules\\firebase-functions\\lib\\index.js"} {"metadata":{"emulator":{"name":"functions"},"message":"[runtime-status] [7756] Resolved module firebase-functions {\"declared\":true,\"installed\":true,\"version\":\"3.11.0\",\"resolution\":\"C:\\\\Users\\\\Beau\\\\Desktop\\\\code\\\\basharreact\\\\functions\\\\node_modules\\\\firebase-functions\\\\lib\\\\index.js\"}"}}
[debug] [2021-05-30T18:55:43.492Z] [runtime-status] [7756] Outgoing network have been stubbed. [{"name":"http","status":"mocked"},{"name":"http","status":"mocked"},{"name":"https","status":"mocked"},{"name":"https","status":"mocked"},{"name":"net","status":"mocked"}] {"metadata":{"emulator":{"name":"functions"},"message":"[runtime-status] [7756] Outgoing network have been stubbed. [{\"name\":\"http\",\"status\":\"mocked\"},{\"name\":\"http\",\"status\":\"mocked\"},{\"name\":\"https\",\"status\":\"mocked\"},{\"name\":\"https\",\"status\":\"mocked\"},{\"name\":\"net\",\"status\":\"mocked\"}]"}}
[debug] [2021-05-30T18:55:43.492Z] [runtime-status] [7756] Resolved module firebase-functions {"declared":true,"installed":true,"version":"3.11.0","resolution":"C:\\Users\\Beau\\Desktop\\code\\basharreact\\functions\\node_modules\\firebase-functions\\lib\\index.js"} {"metadata":{"emulator":{"name":"functions"},"message":"[runtime-status] [7756] Resolved module firebase-functions {\"declared\":true,\"installed\":true,\"version\":\"3.11.0\",\"resolution\":\"C:\\\\Users\\\\Beau\\\\Desktop\\\\code\\\\basharreact\\\\functions\\\\node_modules\\\\firebase-functions\\\\lib\\\\index.js\"}"}}
[debug] [2021-05-30T18:55:43.547Z] [runtime-status] [7756] Checked functions.config() {"config":{}} {"metadata":{"emulator":{"name":"functions"},"message":"[runtime-status] [7756] Checked functions.config() {\"config\":{}}"}}
[debug] [2021-05-30T18:55:43.547Z] [runtime-status] [7756] firebase-functions has been stubbed. {"functionsResolution":{"declared":true,"installed":true,"version":"3.11.0","resolution":"C:\\Users\\Beau\\Desktop\\code\\basharreact\\functions\\node_modules\\firebase-functions\\lib\\index.js"}} {"metadata":{"emulator":{"name":"functions"},"message":"[runtime-status] [7756] firebase-functions has been stubbed. {\"functionsResolution\":{\"declared\":true,\"installed\":true,\"version\":\"3.11.0\",\"resolution\":\"C:\\\\Users\\\\Beau\\\\Desktop\\\\code\\\\basharreact\\\\functions\\\\node_modules\\\\firebase-functions\\\\lib\\\\index.js\"}}"}}
[debug] [2021-05-30T18:55:43.548Z] [runtime-status] [7756] Resolved module firebase-functions {"declared":true,"installed":true,"version":"3.11.0","resolution":"C:\\Users\\Beau\\Desktop\\code\\basharreact\\functions\\node_modules\\firebase-functions\\lib\\index.js"} {"metadata":{"emulator":{"name":"functions"},"message":"[runtime-status] [7756] Resolved module firebase-functions {\"declared\":true,\"installed\":true,\"version\":\"3.11.0\",\"resolution\":\"C:\\\\Users\\\\Beau\\\\Desktop\\\\code\\\\basharreact\\\\functions\\\\node_modules\\\\firebase-functions\\\\lib\\\\index.js\"}"}}
[debug] [2021-05-30T18:55:43.549Z] [runtime-status] [7756] Resolved module firebase-admin {"declared":true,"installed":true,"version":"9.9.0","resolution":"C:\\Users\\Beau\\Desktop\\code\\basharreact\\functions\\node_modules\\firebase-admin\\lib\\index.js"} {"metadata":{"emulator":{"name":"functions"},"message":"[runtime-status] [7756] Resolved module firebase-admin {\"declared\":true,\"installed\":true,\"version\":\"9.9.0\",\"resolution\":\"C:\\\\Users\\\\Beau\\\\Desktop\\\\code\\\\basharreact\\\\functions\\\\node_modules\\\\firebase-admin\\\\lib\\\\index.js\"}"}}
[debug] [2021-05-30T18:55:43.550Z] [runtime-status] [7756] Resolved module firebase-functions {"declared":true,"installed":true,"version":"3.11.0","resolution":"C:\\Users\\Beau\\Desktop\\code\\basharreact\\functions\\node_modules\\firebase-functions\\lib\\index.js"} {"metadata":{"emulator":{"name":"functions"},"message":"[runtime-status] [7756] Resolved module firebase-functions {\"declared\":true,\"installed\":true,\"version\":\"3.11.0\",\"resolution\":\"C:\\\\Users\\\\Beau\\\\Desktop\\\\code\\\\basharreact\\\\functions\\\\node_modules\\\\firebase-functions\\\\lib\\\\index.js\"}"}}
[debug] [2021-05-30T18:55:43.550Z] [runtime-status] [7756] firebase-admin has been stubbed. {"adminResolution":{"declared":true,"installed":true,"version":"9.9.0","resolution":"C:\\Users\\Beau\\Desktop\\code\\basharreact\\functions\\node_modules\\firebase-admin\\lib\\index.js"}} {"metadata":{"emulator":{"name":"functions"},"message":"[runtime-status] [7756] firebase-admin has been stubbed. {\"adminResolution\":{\"declared\":true,\"installed\":true,\"version\":\"9.9.0\",\"resolution\":\"C:\\\\Users\\\\Beau\\\\Desktop\\\\code\\\\basharreact\\\\functions\\\\node_modules\\\\firebase-admin\\\\lib\\\\index.js\"}}"}}
[debug] [2021-05-30T18:55:43.552Z] [runtime-status] [7756] initializeApp(DEFAULT) {"storageBucket":"bashard.appspot.com","databaseURL":"https://bashard.firebaseio.com","projectId":"bashard"} {"metadata":{"emulator":{"name":"functions"},"message":"[runtime-status] [7756] initializeApp(DEFAULT) {\"storageBucket\":\"bashard.appspot.com\",\"databaseURL\":\"https://bashard.firebaseio.com\",\"projectId\":\"bashard\"}"}}
[debug] [2021-05-30T18:55:43.554Z] [worker-~diagnostic~-c6973c9d-dc50-4342-9fc1-8796a7666ab7]: IDLE {"metadata":{"emulator":{"name":"functions"},"message":"[worker-~diagnostic~-c6973c9d-dc50-4342-9fc1-8796a7666ab7]: IDLE"}}
